[2026-03-28T22:47:16.377Z] GET /api/locations | User: anon
[2026-03-28T22:47:16.398Z] GET /api/menu?locationSlug=the-commons-dining-hall-south-campus&periodSlug=dinner&date=2026-03-28 | User: anon
[2026-03-28T22:47:19.523Z] GET /api/user/logs?date=2026-03-28 | User: anon
[2026-03-28T22:47:19.537Z] GET /api/user/shortcuts | User: anon
[2026-03-28T22:47:19.538Z] GET /api/user/logs-range?start=2026-03-22&end=2026-03-28 | User: anon
[2026-03-28T22:48:47.622Z] GET / | User: anon
[2026-03-28T22:48:47.773Z] GET /style.css | User: anon
[2026-03-28T22:48:47.782Z] GET /app.js | User: anon
[2026-03-28T22:48:47.953Z] GET /api/auth/me | User: anon
[2026-03-28T22:48:48.000Z] GET /api/auth/config | User: anon
[2026-03-28T22:48:48.497Z] GET /favicon.ico | User: anon
[2026-03-28T22:48:52.103Z] POST /api/auth/google | User: anon
[2026-03-28T22:48:52.381Z] GET /api/user/logs?date=2026-03-28 | User: anon
[2026-03-28T22:48:52.405Z] GET /api/user/shortcuts | User: anon
[2026-03-28T22:48:52.406Z] GET /api/user/logs-range?start=2026-03-22&end=2026-03-28 | User: anon
[2026-03-28T22:49:42.247Z] GET /api/locations | User: anon
[2026-03-28T22:49:42.251Z] GET /api/menu?locationSlug=the-commons-dining-hall-south-campus&periodSlug=dinner&date=2026-03-28 | User: anon
[2026-03-28T22:49:44.626Z] GET /api/menu?locationSlug=the-commons-dining-hall-south-campus&periodSlug=brunch&date=2026-03-28 | User: anon
[2026-03-28T22:49:51.388Z] POST /api/user/logs | User: anon
[2026-03-28T22:49:51.391Z] POST /api/user/logs | User: anon
[2026-03-28T22:49:51.394Z] GET /api/user/logs?date=2026-03-28 | User: anon
[2026-03-28T22:49:51.405Z] GET /api/user/logs-range?start=2026-03-22&end=2026-03-28 | User: anon
[2026-03-28T22:49:51.406Z] GET /api/user/shortcuts | User: anon
[2026-03-28T22:51:21.490Z] POST /api/user/goals | User: anon
[2026-03-28T22:51:21.497Z] GET /api/user/logs?date=2026-03-28 | User: anon
[2026-03-28T22:51:21.513Z] GET /api/user/shortcuts | User: anon
[2026-03-28T22:51:21.516Z] GET /api/user/logs-range?start=2026-03-22&end=2026-03-28 | User: anon
[2026-03-28T22:51:25.475Z] GET / | User: anon
[2026-03-28T22:51:25.530Z] GET /style.css | User: anon
[2026-03-28T22:51:25.531Z] GET /app.js | User: anon
[2026-03-28T22:51:25.577Z] GET /api/auth/me | User: anon
[2026-03-28T22:51:25.686Z] GET /api/auth/config | User: anon
[2026-03-28T22:51:25.974Z] GET /favicon.ico | User: anon
[2026-03-28T22:51:29.053Z] POST /api/auth/google | User: anon
[2026-03-28T22:51:29.193Z] GET /api/user/logs?date=2026-03-28 | User: anon
[2026-03-28T22:51:29.217Z] GET /api/user/shortcuts | User: anon
[2026-03-28T22:51:29.218Z] GET /api/user/logs-range?start=2026-03-22&end=2026-03-28 | User: anon
[2026-03-28T22:51:29.220Z] GET /api/user/logs-range?start=2026-03-22&end=2026-03-28 | User: anon
[2026-03-28T22:51:55.507Z] GET / | User: anon
[2026-03-28T22:51:55.557Z] GET /style.css | User: anon
[2026-03-28T22:51:55.558Z] GET /app.js | User: anon
[2026-03-28T22:51:55.575Z] GET /api/auth/me | User: anon
[2026-03-28T22:51:55.624Z] GET /api/auth/config | User: anon
[2026-03-28T22:51:55.760Z] GET /favicon.ico | User: anon
[2026-03-28T22:51:58.528Z] POST /api/auth/google | User: anon
[2026-03-28T22:51:58.560Z] GET /api/user/logs?date=2026-03-28 | User: anon
[2026-03-28T22:51:58.570Z] GET /api/user/logs-range?start=2026-03-22&end=2026-03-28 | User: anon
[2026-03-28T22:51:58.570Z] GET /api/user/shortcuts | User: anon
[2026-03-28T22:51:58.571Z] GET /api/user/logs-range?start=2026-03-22&end=2026-03-28 | User: anon
[2026-03-28T22:52:13.305Z] POST /api/user/nutrients | User: anon
[2026-03-28T22:52:23.261Z] GET / | User: anon
[2026-03-28T22:52:23.322Z] GET /style.css | User: anon
[2026-03-28T22:52:23.323Z] GET /app.js | User: anon
[2026-03-28T22:52:23.336Z] GET /api/auth/me | User: anon
[2026-03-28T22:52:23.363Z] GET /api/auth/config | User: anon
[2026-03-28T22:52:23.436Z] GET /favicon.ico | User: anon
[2026-03-28T22:52:26.014Z] POST /api/auth/google | User: anon
[2026-03-28T22:52:26.098Z] GET /api/user/logs?date=2026-03-28 | User: anon
[2026-03-28T22:52:26.110Z] GET /api/user/shortcuts | User: anon
[2026-03-28T22:52:26.111Z] GET /api/user/logs-range?start=2026-03-22&end=2026-03-28 | User: anon
[2026-03-28T22:52:26.124Z] GET /api/user/logs-range?start=2026-03-22&end=2026-03-28 | User: anon
[2026-03-28T22:52:28.087Z] POST /api/user/nutrients | User: anon
[2026-03-28T22:52:48.002Z] GET / | User: anon
[2026-03-28T22:52:48.059Z] GET /style.css | User: anon
[2026-03-28T22:52:48.060Z] GET /app.js | User: anon
[2026-03-28T22:52:48.070Z] GET /api/auth/me | User: anon
[2026-03-28T22:52:48.088Z] GET /api/auth/config | User: anon
[2026-03-28T22:52:48.492Z] GET /favicon.ico | User: anon
[2026-03-28T22:52:51.677Z] POST /api/auth/google | User: anon
[2026-03-28T22:52:51.703Z] GET /api/user/logs?date=2026-03-28 | User: anon
[2026-03-28T22:52:51.732Z] GET /api/user/logs-range?start=2026-03-22&end=2026-03-28 | User: anon
[2026-03-28T22:52:51.733Z] GET /api/user/shortcuts | User: anon
[2026-03-28T22:52:51.737Z] GET /api/user/logs-range?start=2026-03-22&end=2026-03-28 | User: anon
[2026-03-28T22:52:53.166Z] POST /api/user/nutrients | User: anon
[2026-03-28T22:52:59.717Z] POST /api/user/nutrients | User: anon
[2026-03-28T22:56:12.624Z] GET / | User: anon
[2026-03-28T22:56:12.736Z] GET /style.css | User: anon
[2026-03-28T22:56:12.738Z] GET /app.js | User: anon
[2026-03-28T22:56:12.770Z] GET /api/auth/me | User: anon
[2026-03-28T22:56:12.850Z] GET /api/auth/config | User: anon
[2026-03-28T22:56:12.950Z] GET /favicon.ico | User: anon
[2026-03-28T22:56:16.206Z] POST /api/auth/google | User: anon
[2026-03-28T22:56:16.220Z] GET /api/user/logs?date=2026-03-28 | User: anon
[2026-03-28T22:56:16.234Z] GET /api/user/logs-range?start=2026-03-22&end=2026-03-28 | User: anon
[2026-03-28T22:56:16.234Z] GET /api/user/shortcuts | User: anon
[2026-03-28T22:56:16.235Z] GET /api/user/logs-range?start=2026-03-22&end=2026-03-28 | User: anon
[2026-03-28T22:56:21.962Z] POST /api/user/nutrients | User: anon
[2026-03-28T22:56:25.495Z] POST /api/user/nutrients | User: anon
[2026-03-28T22:56:29.426Z] GET /.well-known/appspecific/com.chrome.devtools.json | User: anon
[2026-03-28T22:56:29.428Z] GET /style.css | User: anon
[2026-03-28T22:58:56.849Z] GET / | User: anon
[2026-03-28T22:58:56.950Z] GET /.well-known/appspecific/com.chrome.devtools.json | User: anon
[2026-03-28T22:58:56.966Z] GET /style.css | User: anon
[2026-03-28T22:58:56.967Z] GET /app.js | User: anon
[2026-03-28T22:58:56.998Z] GET /api/auth/me | User: anon
[2026-03-28T22:58:57.167Z] GET /api/auth/config | User: anon
[2026-03-28T22:58:57.719Z] GET /favicon.ico | User: anon
[2026-03-28T22:59:00.754Z] POST /api/auth/google | User: anon
[2026-03-28T22:59:00.781Z] GET /api/user/logs?date=2026-03-28 | User: anon
[2026-03-28T22:59:00.796Z] GET /api/user/logs-range?start=2026-03-22&end=2026-03-28 | User: anon
[2026-03-28T22:59:00.798Z] GET /api/user/logs-range?start=2026-03-22&end=2026-03-28 | User: anon
[2026-03-28T22:59:00.799Z] GET /api/user/shortcuts | User: anon
[2026-03-28T22:59:02.481Z] POST /api/user/nutrients | User: anon
[2026-03-28T22:59:57.213Z] POST /api/user/goals | User: anon
[2026-03-28T22:59:57.223Z] GET /api/user/logs?date=2026-03-28 | User: anon
[2026-03-28T22:59:57.244Z] GET /api/user/shortcuts | User: anon
[2026-03-28T22:59:57.247Z] GET /api/user/logs-range?start=2026-03-22&end=2026-03-28 | User: anon
[2026-03-28T22:59:57.249Z] GET /api/user/logs-range?start=2026-03-22&end=2026-03-28 | User: anon
[2026-03-28T22:59:57.732Z] GET / | User: anon
[2026-03-28T22:59:57.788Z] GET /.well-known/appspecific/com.chrome.devtools.json | User: anon
[2026-03-28T22:59:57.805Z] GET /style.css | User: anon
[2026-03-28T22:59:57.806Z] GET /app.js | User: anon
[2026-03-28T22:59:57.825Z] GET /api/auth/me | User: anon
[2026-03-28T22:59:57.921Z] GET /api/auth/config | User: anon
[2026-03-28T22:59:58.523Z] GET /favicon.ico | User: anon
[2026-03-28T23:00:01.729Z] POST /api/auth/google | User: anon
[2026-03-28T23:00:01.752Z] GET /api/user/logs?date=2026-03-28 | User: anon
[2026-03-28T23:00:01.774Z] GET /api/user/shortcuts | User: anon
[2026-03-28T23:00:01.777Z] GET /api/user/logs-range?start=2026-03-22&end=2026-03-28 | User: anon
[2026-03-28T23:00:01.779Z] GET /api/user/logs-range?start=2026-03-22&end=2026-03-28 | User: anon
[2026-03-28T23:01:41.395Z] GET / | User: anon
[2026-03-28T23:01:41.462Z] GET /.well-known/appspecific/com.chrome.devtools.json | User: anon
[2026-03-28T23:01:41.478Z] GET /style.css | User: anon
[2026-03-28T23:01:41.479Z] GET /app.js | User: anon
[2026-03-28T23:01:41.485Z] GET /api/auth/me | User: anon
[2026-03-28T23:01:41.649Z] GET /api/auth/config | User: anon
[2026-03-28T23:01:42.193Z] GET /favicon.ico | User: anon
[2026-03-28T23:01:44.788Z] POST /api/auth/google | User: anon
[2026-03-28T23:01:44.917Z] GET /api/user/logs?date=2026-03-28 | User: anon
[2026-03-28T23:01:44.937Z] GET /api/user/logs-range?start=2026-03-22&end=2026-03-28 | User: anon
[2026-03-28T23:01:44.938Z] GET /api/user/shortcuts | User: anon
[2026-03-28T23:01:44.939Z] GET /api/user/logs-range?start=2026-03-22&end=2026-03-28 | User: anon
[2026-03-28T23:01:49.342Z] POST /api/user/goals | User: anon
[2026-03-28T23:01:49.349Z] GET /api/user/logs?date=2026-03-28 | User: anon
[2026-03-28T23:01:49.357Z] GET /api/user/logs-range?start=2026-03-22&end=2026-03-28 | User: anon
[2026-03-28T23:01:49.359Z] GET /api/user/shortcuts | User: anon
[2026-03-28T23:01:49.363Z] GET /api/user/logs-range?start=2026-03-22&end=2026-03-28 | User: anon
[2026-03-28T23:01:51.195Z] POST /api/user/nutrients | User: anon
[2026-03-28T23:01:51.205Z] GET /api/user/logs?date=2026-03-28 | User: anon
[2026-03-28T23:01:51.215Z] GET /api/user/shortcuts | User: anon
[2026-03-28T23:01:51.216Z] GET /api/user/logs-range?start=2026-03-22&end=2026-03-28 | User: anon
[2026-03-28T23:01:51.217Z] GET /api/user/logs-range?start=2026-03-22&end=2026-03-28 | User: anon
[2026-03-28T23:01:53.408Z] POST /api/user/nutrients | User: anon
[2026-03-28T23:01:53.412Z] GET /api/user/logs?date=2026-03-28 | User: anon
[2026-03-28T23:01:53.420Z] GET /api/user/shortcuts | User: anon
[2026-03-28T23:01:53.422Z] GET /api/user/logs-range?start=2026-03-22&end=2026-03-28 | User: anon
[2026-03-28T23:01:53.423Z] GET /api/user/logs-range?start=2026-03-22&end=2026-03-28 | User: anon
[2026-03-28T23:01:54.991Z] POST /api/user/nutrients | User: anon
[2026-03-28T23:01:54.997Z] GET /api/user/logs?date=2026-03-28 | User: anon
[2026-03-28T23:01:55.004Z] GET /api/user/shortcuts | User: anon
[2026-03-28T23:01:55.007Z] GET /api/user/logs-range?start=2026-03-22&end=2026-03-28 | User: anon
[2026-03-28T23:01:55.009Z] GET /api/user/logs-range?start=2026-03-22&end=2026-03-28 | User: anon
[2026-03-28T23:01:56.941Z] POST /api/user/nutrients | User: anon
[2026-03-28T23:01:56.944Z] GET /api/user/logs?date=2026-03-28 | User: anon
[2026-03-28T23:01:56.949Z] GET /api/user/logs-range?start=2026-03-22&end=2026-03-28 | User: anon
[2026-03-28T23:01:56.951Z] GET /api/user/shortcuts | User: anon
[2026-03-28T23:01:56.951Z] GET /api/user/logs-range?start=2026-03-22&end=2026-03-28 | User: anon
[2026-03-28T23:02:08.100Z] GET / | User: anon
[2026-03-28T23:02:08.179Z] GET /.well-known/appspecific/com.chrome.devtools.json | User: anon
[2026-03-28T23:02:08.183Z] GET /style.css | User: anon
[2026-03-28T23:02:08.184Z] GET /app.js | User: anon
[2026-03-28T23:02:08.204Z] GET /api/auth/me | User: anon
[2026-03-28T23:02:08.312Z] GET /api/auth/config | User: anon
[2026-03-28T23:02:08.536Z] GET /favicon.ico | User: anon
[2026-03-28T23:02:12.035Z] POST /api/auth/google | User: anon
[2026-03-28T23:02:12.056Z] GET /api/user/logs?date=2026-03-28 | User: anon
[2026-03-28T23:02:12.080Z] GET /api/user/shortcuts | User: anon
[2026-03-28T23:02:12.083Z] GET /api/user/logs-range?start=2026-03-22&end=2026-03-28 | User: anon
[2026-03-28T23:02:12.086Z] GET /api/user/logs-range?start=2026-03-22&end=2026-03-28 | User: anon
[2026-03-28T23:14:37.181Z] GET / | User: anon
[2026-03-28T23:14:37.280Z] GET /.well-known/appspecific/com.chrome.devtools.json | User: anon
[2026-03-28T23:14:37.294Z] GET /style.css | User: anon
[2026-03-28T23:14:37.297Z] GET /app.js | User: anon
[2026-03-28T23:14:37.304Z] GET /api/auth/me | User: anon
[2026-03-28T23:14:37.670Z] GET /api/auth/config | User: anon
[2026-03-28T23:14:37.710Z] GET /favicon.ico | User: anon
[2026-03-28T23:14:44.833Z] POST /api/auth/google | User: anon
[2026-03-28T23:14:44.846Z] GET /api/user/logs?date=2026-03-28 | User: anon
[2026-03-28T23:14:44.868Z] GET /api/user/logs-range?start=2026-03-22&end=2026-03-28 | User: anon
[2026-03-28T23:14:44.872Z] GET /api/user/shortcuts | User: anon
[2026-03-28T23:14:44.873Z] GET /api/user/logs-range?start=2026-03-22&end=2026-03-28 | User: anon
[2026-03-28T23:14:51.223Z] POST /api/user/goals | User: anon
[2026-03-28T23:14:52.263Z] POST /api/user/goals | User: anon
[2026-03-28T23:15:07.556Z] POST /api/user/nutrients | User: anon
[2026-03-28T23:15:07.563Z] GET /api/user/logs?date=2026-03-28 | User: anon
[2026-03-28T23:15:07.570Z] GET /api/user/shortcuts | User: anon
[2026-03-28T23:15:07.571Z] GET /api/user/logs-range?start=2026-03-22&end=2026-03-28 | User: anon
[2026-03-28T23:15:07.573Z] GET /api/user/logs-range?start=2026-03-22&end=2026-03-28 | User: anon
[2026-03-28T23:15:12.043Z] GET / | User: anon
[2026-03-28T23:15:12.088Z] GET /.well-known/appspecific/com.chrome.devtools.json | User: anon
[2026-03-28T23:15:12.102Z] GET /style.css | User: anon
[2026-03-28T23:15:12.103Z] GET /app.js | User: anon
[2026-03-28T23:15:12.130Z] GET /api/auth/me | User: anon
[2026-03-28T23:15:12.216Z] GET /api/user/logs?date=2026-03-28 | User: anon
[2026-03-28T23:15:12.381Z] GET /api/user/shortcuts | User: anon
[2026-03-28T23:15:12.383Z] GET /api/user/logs-range?start=2026-03-22&end=2026-03-28 | User: anon
[2026-03-28T23:15:12.385Z] GET /api/user/logs-range?start=2026-03-22&end=2026-03-28 | User: anon
[2026-03-28T23:15:12.417Z] GET /favicon.ico | User: anon
[2026-03-28T23:15:13.512Z] GET / | User: anon
[2026-03-28T23:15:13.548Z] GET /.well-known/appspecific/com.chrome.devtools.json | User: anon
[2026-03-28T23:15:13.550Z] GET /style.css | User: anon
[2026-03-28T23:15:13.551Z] GET /app.js | User: anon
[2026-03-28T23:15:13.572Z] GET /api/auth/me | User: anon
[2026-03-28T23:15:13.650Z] GET /api/user/logs?date=2026-03-28 | User: anon
[2026-03-28T23:15:13.845Z] GET /api/user/shortcuts | User: anon
[2026-03-28T23:15:13.847Z] GET /api/user/logs-range?start=2026-03-22&end=2026-03-28 | User: anon
[2026-03-28T23:15:13.848Z] GET /api/user/logs-range?start=2026-03-22&end=2026-03-28 | User: anon
[2026-03-28T23:15:13.849Z] GET /favicon.ico | User: anon
[2026-03-28T23:15:14.426Z] GET / | User: anon
[2026-03-28T23:15:14.465Z] GET /.well-known/appspecific/com.chrome.devtools.json | User: anon
[2026-03-28T23:15:14.467Z] GET /style.css | User: anon
[2026-03-28T23:15:14.467Z] GET /app.js | User: anon
[2026-03-28T23:15:14.488Z] GET /api/auth/me | User: anon
[2026-03-28T23:15:14.579Z] GET /api/user/logs?date=2026-03-28 | User: anon
[2026-03-28T23:15:14.749Z] GET /api/user/shortcuts | User: anon
[2026-03-28T23:15:14.751Z] GET /api/user/logs-range?start=2026-03-22&end=2026-03-28 | User: anon
[2026-03-28T23:15:14.755Z] GET /api/user/logs-range?start=2026-03-22&end=2026-03-28 | User: anon
[2026-03-28T23:15:14.779Z] GET /favicon.ico | User: anon
[2026-03-28T23:15:18.423Z] GET / | User: anon
[2026-03-28T23:15:18.438Z] GET /style.css | User: anon
[2026-03-28T23:15:18.439Z] GET /app.js | User: anon
[2026-03-28T23:15:18.454Z] GET /api/auth/me | User: anon
[2026-03-28T23:15:18.514Z] GET /api/user/logs?date=2026-03-28 | User: anon
[2026-03-28T23:15:18.632Z] GET /api/user/logs-range?start=2026-03-22&end=2026-03-28 | User: anon
[2026-03-28T23:15:18.635Z] GET /api/user/shortcuts | User: anon
[2026-03-28T23:15:18.639Z] GET /api/user/logs-range?start=2026-03-22&end=2026-03-28 | User: anon
[2026-03-28T23:15:18.667Z] GET /favicon.ico | User: anon
[2026-03-28T23:15:25.694Z] POST /api/user/goals | User: anon
[2026-03-28T23:15:27.098Z] POST /api/user/goals | User: anon
[2026-03-28T23:15:27.446Z] POST /api/user/goals | User: anon
[2026-03-28T23:15:27.679Z] POST /api/user/goals | User: anon
[2026-03-28T23:15:30.179Z] GET / | User: anon
[2026-03-28T23:15:30.217Z] GET /style.css | User: anon
[2026-03-28T23:15:30.219Z] GET /app.js | User: anon
[2026-03-28T23:15:30.284Z] GET /favicon.ico | User: anon
[2026-03-28T23:15:30.362Z] GET /api/auth/config | User: anon
[2026-03-28T23:15:33.984Z] POST /api/auth/google | User: anon
[2026-03-28T23:15:34.000Z] GET /api/user/logs?date=2026-03-28 | User: anon
[2026-03-28T23:15:34.012Z] GET /api/user/shortcuts | User: anon
[2026-03-28T23:15:34.015Z] GET /api/user/logs-range?start=2026-03-22&end=2026-03-28 | User: anon
[2026-03-28T23:15:34.017Z] GET /api/user/logs-range?start=2026-03-22&end=2026-03-28 | User: anon
[2026-03-28T23:15:45.467Z] GET / | User: anon
[2026-03-28T23:15:45.490Z] GET /style.css | User: anon
[2026-03-28T23:15:45.491Z] GET /app.js | User: anon
[2026-03-28T23:15:45.499Z] GET /api/auth/me | User: anon
[2026-03-28T23:15:45.521Z] GET /api/user/logs?date=2026-03-28 | User: anon
[2026-03-28T23:15:45.565Z] GET /api/user/logs-range?start=2026-03-22&end=2026-03-28 | User: anon
[2026-03-28T23:15:45.575Z] GET /api/user/shortcuts | User: anon
[2026-03-28T23:15:45.576Z] GET /api/user/logs-range?start=2026-03-22&end=2026-03-28 | User: anon
[2026-03-28T23:15:45.576Z] GET /favicon.ico | User: anon
[2026-03-28T23:17:16.882Z] GET /api/locations | User: anon
[2026-03-28T23:17:16.900Z] GET /api/menu?locationSlug=the-commons-dining-hall-south-campus&periodSlug=dinner&date=2026-03-28 | User: anon
[2026-03-28T23:17:23.764Z] POST /api/user/logs | User: anon
[2026-03-28T23:17:23.783Z] POST /api/user/logs | User: anon
[2026-03-28T23:17:23.787Z] GET /api/user/logs?date=2026-03-28 | User: anon
[2026-03-28T23:17:23.805Z] GET /api/user/logs-range?start=2026-03-22&end=2026-03-28 | User: anon
[2026-03-28T23:17:23.806Z] GET /api/user/logs-range?start=2026-03-22&end=2026-03-28 | User: anon
[2026-03-28T23:17:23.809Z] GET /api/user/shortcuts | User: anon
[2026-03-28T23:19:18.363Z] GET /api/locations | User: anon
[2026-03-28T23:19:18.380Z] GET /api/menu?locationSlug=the-commons-dining-hall-south-campus&periodSlug=dinner&date=2026-03-28 | User: anon
[2026-03-28T23:19:51.805Z] GET / | User: anon
[2026-03-28T23:19:51.924Z] GET /style.css | User: anon
[2026-03-28T23:19:51.925Z] GET /app.js | User: anon
[2026-03-28T23:19:52.063Z] GET /api/auth/me | User: anon
[2026-03-28T23:19:52.168Z] GET /api/user/logs?date=2026-03-28 | User: anon
[2026-03-28T23:19:52.416Z] GET /api/user/logs-range?start=2026-03-22&end=2026-03-28 | User: anon
[2026-03-28T23:19:52.420Z] GET /api/user/shortcuts | User: anon
[2026-03-28T23:19:52.422Z] GET /api/user/logs-range?start=2026-03-22&end=2026-03-28 | User: anon
[2026-03-28T23:19:52.555Z] GET /favicon.ico | User: anon
[2026-03-28T23:19:56.634Z] POST /api/user/goals | User: anon
[2026-03-28T23:19:56.638Z] GET /api/user/logs?date=2026-03-28 | User: anon
[2026-03-28T23:19:56.645Z] GET /api/user/shortcuts | User: anon
[2026-03-28T23:19:56.646Z] GET /api/user/logs-range?start=2026-03-22&end=2026-03-28 | User: anon
[2026-03-28T23:19:56.647Z] GET /api/user/logs-range?start=2026-03-22&end=2026-03-28 | User: anon
[2026-03-28T23:21:16.466Z] POST /api/user/goals | User: anon
[2026-03-28T23:21:16.481Z] GET /api/user/logs?date=2026-03-28 | User: anon
[2026-03-28T23:21:16.491Z] GET /api/user/logs-range?start=2026-03-22&end=2026-03-28 | User: anon
[2026-03-28T23:21:16.492Z] GET /api/user/logs-range?start=2026-03-22&end=2026-03-28 | User: anon
[2026-03-28T23:21:16.493Z] GET /api/user/shortcuts | User: anon
[2026-03-28T23:21:25.679Z] GET /api/locations | User: anon
[2026-03-28T23:21:25.697Z] GET /api/menu?locationSlug=the-commons-dining-hall-south-campus&periodSlug=dinner&date=2026-03-28 | User: anon
[2026-03-28T23:21:34.458Z] POST /api/user/logs | User: anon
[2026-03-28T23:21:34.469Z] POST /api/user/logs | User: anon
[2026-03-28T23:21:34.473Z] GET /api/user/logs?date=2026-03-28 | User: anon
[2026-03-28T23:21:34.487Z] GET /api/user/shortcuts | User: anon
[2026-03-28T23:21:34.488Z] GET /api/user/logs-range?start=2026-03-22&end=2026-03-28 | User: anon
[2026-03-28T23:21:34.491Z] GET /api/user/logs-range?start=2026-03-22&end=2026-03-28 | User: anon
[2026-03-28T23:24:08.786Z] GET / | User: anon
[2026-03-28T23:24:08.839Z] GET /style.css | User: anon
[2026-03-28T23:24:08.840Z] GET /app.js | User: anon
[2026-03-28T23:24:08.877Z] GET /api/auth/me | User: anon
[2026-03-28T23:24:09.006Z] GET /api/user/logs?date=2026-03-28 | User: anon
[2026-03-28T23:24:09.054Z] GET /api/user/logs-range?start=2026-03-22&end=2026-03-28 | User: anon
[2026-03-28T23:24:09.055Z] GET /api/user/shortcuts | User: anon
[2026-03-28T23:24:09.056Z] GET /api/user/logs-range?start=2026-03-22&end=2026-03-28 | User: anon
[2026-03-28T23:24:09.201Z] GET /favicon.ico | User: anon
[2026-03-28T23:24:11.175Z] GET /api/locations | User: anon
[2026-03-28T23:24:11.179Z] GET /api/menu?locationSlug=the-commons-dining-hall-south-campus&periodSlug=dinner&date=2026-03-28 | User: anon
[2026-03-28T23:24:15.257Z] POST /api/user/logs | User: anon
[2026-03-28T23:24:15.262Z] POST /api/user/logs | User: anon
[2026-03-28T23:24:15.266Z] GET /api/user/logs?date=2026-03-28 | User: anon
[2026-03-28T23:24:15.275Z] GET /api/user/shortcuts | User: anon
[2026-03-28T23:24:15.276Z] GET /api/user/logs-range?start=2026-03-22&end=2026-03-28 | User: anon
[2026-03-28T23:24:15.278Z] GET /api/user/logs-range?start=2026-03-22&end=2026-03-28 | User: anon
[2026-03-28T23:24:19.042Z] GET /api/locations | User: anon
[2026-03-28T23:24:19.055Z] GET /api/menu?locationSlug=the-commons-dining-hall-south-campus&periodSlug=dinner&date=2026-03-28 | User: anon
[2026-03-28T23:24:25.338Z] POST /api/user/logs | User: anon
[2026-03-28T23:24:25.349Z] POST /api/user/logs | User: anon
[2026-03-28T23:24:25.352Z] GET /api/user/logs?date=2026-03-28 | User: anon
[2026-03-28T23:24:25.364Z] GET /api/user/shortcuts | User: anon
[2026-03-28T23:24:25.366Z] GET /api/user/logs-range?start=2026-03-22&end=2026-03-28 | User: anon
[2026-03-28T23:24:25.367Z] GET /api/user/logs-range?start=2026-03-22&end=2026-03-28 | User: anon
[2026-03-28T23:29:46.655Z] GET / | User: anon
[2026-03-28T23:29:46.709Z] GET /app.js | User: anon
[2026-03-28T23:29:46.710Z] GET /style.css | User: anon
[2026-03-28T23:29:46.716Z] GET /api/auth/me | User: anon
[2026-03-28T23:29:46.779Z] GET /api/user/logs?date=2026-03-28 | User: anon
[2026-03-28T23:29:46.901Z] GET /api/user/shortcuts | User: anon
[2026-03-28T23:29:46.902Z] GET /api/user/logs-range?start=2026-03-22&end=2026-03-28 | User: anon
[2026-03-28T23:29:46.905Z] GET /api/user/logs-range?start=2026-03-22&end=2026-03-28 | User: anon
[2026-03-28T23:29:46.923Z] GET /favicon.ico | User: anon
[2026-03-28T23:29:47.522Z] GET /api/locations | User: anon
[2026-03-28T23:29:47.527Z] GET /api/menu?locationSlug=the-commons-dining-hall-south-campus&periodSlug=dinner&date=2026-03-28 | User: anon
[2026-03-28T23:29:55.300Z] POST /api/user/logs | User: anon
[2026-03-28T23:29:55.307Z] POST /api/user/logs | User: anon
[2026-03-28T23:29:55.312Z] GET /api/user/logs?date=2026-03-28 | User: anon
[2026-03-28T23:29:55.324Z] GET /api/user/shortcuts | User: anon
[2026-03-28T23:29:55.325Z] GET /api/user/logs-range?start=2026-03-22&end=2026-03-28 | User: anon
[2026-03-28T23:29:55.326Z] GET /api/user/logs-range?start=2026-03-22&end=2026-03-28 | User: anon
[2026-03-28T23:29:58.293Z] GET / | User: anon
[2026-03-28T23:29:58.360Z] GET /style.css | User: anon
[2026-03-28T23:29:58.361Z] GET /app.js | User: anon
[2026-03-28T23:29:58.371Z] GET /api/auth/me | User: anon
[2026-03-28T23:29:58.425Z] GET /api/user/logs?date=2026-03-28 | User: anon
[2026-03-28T23:29:58.582Z] GET /api/user/shortcuts | User: anon
[2026-03-28T23:29:58.583Z] GET /api/user/logs-range?start=2026-03-22&end=2026-03-28 | User: anon
[2026-03-28T23:29:58.585Z] GET /api/user/logs-range?start=2026-03-22&end=2026-03-28 | User: anon
[2026-03-28T23:29:58.701Z] GET /favicon.ico | User: anon
[2026-03-28T23:30:03.510Z] GET /api/locations | User: anon
[2026-03-28T23:30:03.516Z] GET /api/menu?locationSlug=the-commons-dining-hall-south-campus&periodSlug=dinner&date=2026-03-28 | User: anon
[2026-03-28T23:30:16.028Z] POST /api/user/logs | User: anon
[2026-03-28T23:30:16.042Z] GET /api/user/logs?date=2026-03-28 | User: anon
[2026-03-28T23:30:16.052Z] GET /api/user/shortcuts | User: anon
[2026-03-28T23:30:16.054Z] GET /api/user/logs-range?start=2026-03-22&end=2026-03-28 | User: anon
[2026-03-28T23:30:16.055Z] GET /api/user/logs-range?start=2026-03-22&end=2026-03-28 | User: anon
[2026-03-28T23:30:28.793Z] GET /api/locations | User: anon
[2026-03-28T23:30:28.819Z] GET /api/menu?locationSlug=the-commons-dining-hall-south-campus&periodSlug=dinner&date=2026-03-28 | User: anon
[2026-03-28T23:33:16.061Z] GET /api/user/logs?date=2026-03-28 | User: anon
[2026-03-28T23:33:16.090Z] GET /api/user/shortcuts | User: anon
[2026-03-28T23:33:16.092Z] GET /api/user/logs-range?start=2026-03-22&end=2026-03-28 | User: anon
[2026-03-28T23:33:16.093Z] GET /api/user/logs-range?start=2026-03-22&end=2026-03-28 | User: anon
[2026-03-28T23:33:44.647Z] GET / | User: anon
[2026-03-28T23:33:44.727Z] GET /style.css | User: anon
[2026-03-28T23:33:44.727Z] GET /app.js | User: anon
[2026-03-28T23:33:44.759Z] GET /api/auth/me | User: anon
[2026-03-28T23:33:44.829Z] GET /api/user/logs?date=2026-03-28 | User: anon
[2026-03-28T23:33:44.882Z] GET /api/user/shortcuts | User: anon
[2026-03-28T23:33:44.883Z] GET /api/user/logs-range?start=2026-03-22&end=2026-03-28 | User: anon
[2026-03-28T23:33:44.885Z] GET /favicon.ico | User: anon
[2026-03-28T23:33:44.885Z] GET /api/user/logs-range?start=2026-03-22&end=2026-03-28 | User: anon
[2026-03-28T23:33:46.117Z] GET /api/locations | User: anon
[2026-03-28T23:33:46.122Z] GET /api/menu?locationSlug=the-commons-dining-hall-south-campus&periodSlug=dinner&date=2026-03-28 | User: anon
[2026-03-28T23:33:51.471Z] POST /api/user/logs | User: anon
[2026-03-28T23:33:51.482Z] GET /api/user/logs?date=2026-03-28 | User: anon
[2026-03-28T23:33:51.531Z] GET /api/user/shortcuts | User: anon
[2026-03-28T23:33:51.537Z] GET /api/user/logs-range?start=2026-03-22&end=2026-03-28 | User: anon
[2026-03-28T23:33:51.569Z] GET /api/user/logs-range?start=2026-03-22&end=2026-03-28 | User: anon
[2026-03-28T23:36:15.321Z] GET / | User: anon
[2026-03-28T23:36:15.423Z] GET /style.css | User: anon
[2026-03-28T23:36:15.423Z] GET /app.js | User: anon
[2026-03-28T23:36:15.462Z] GET /api/auth/me | User: anon
[2026-03-28T23:36:15.506Z] GET /api/user/logs?date=2026-03-28 | User: anon
[2026-03-28T23:36:15.583Z] GET /api/user/logs-range?start=2026-03-22&end=2026-03-28 | User: anon
[2026-03-28T23:36:15.585Z] GET /api/user/shortcuts | User: anon
[2026-03-28T23:36:15.586Z] GET /api/user/logs-range?start=2026-03-22&end=2026-03-28 | User: anon
[2026-03-28T23:36:15.597Z] GET /favicon.ico | User: anon
[2026-03-28T23:36:15.983Z] GET /api/locations | User: anon
[2026-03-28T23:36:15.988Z] GET /api/menu?locationSlug=the-commons-dining-hall-south-campus&periodSlug=dinner&date=2026-03-28 | User: anon
[2026-03-28T23:36:15.992Z] GET /api/locations/the-commons-dining-hall-south-campus/wait-time | User: anon
[2026-03-28T23:36:26.901Z] GET / | User: anon
[2026-03-28T23:36:26.998Z] GET /style.css | User: anon
[2026-03-28T23:36:27.000Z] GET /app.js | User: anon
[2026-03-28T23:36:27.019Z] GET /api/auth/me | User: anon
[2026-03-28T23:36:27.047Z] GET /api/user/logs?date=2026-03-28 | User: anon
[2026-03-28T23:36:27.107Z] GET /api/user/shortcuts | User: anon
[2026-03-28T23:36:27.108Z] GET /api/user/logs-range?start=2026-03-22&end=2026-03-28 | User: anon
[2026-03-28T23:36:27.109Z] GET /api/user/logs-range?start=2026-03-22&end=2026-03-28 | User: anon
[2026-03-28T23:36:27.120Z] GET /favicon.ico | User: anon
[2026-03-28T23:36:28.350Z] GET /api/locations | User: anon
[2026-03-28T23:36:28.353Z] GET /api/menu?locationSlug=the-commons-dining-hall-south-campus&periodSlug=dinner&date=2026-03-28 | User: anon
[2026-03-28T23:36:28.357Z] GET /api/locations/the-commons-dining-hall-south-campus/wait-time | User: anon
[2026-03-28T23:38:11.872Z] GET / | User: anon
[2026-03-28T23:38:12.055Z] GET /style.css | User: anon
[2026-03-28T23:38:12.057Z] GET /app.js | User: anon
[2026-03-28T23:38:12.093Z] GET /api/auth/me | User: anon
[2026-03-28T23:38:12.161Z] GET /api/user/logs?date=2026-03-28 | User: anon
[2026-03-28T23:38:12.234Z] GET /api/user/logs-range?start=2026-03-22&end=2026-03-28 | User: anon
[2026-03-28T23:38:12.237Z] GET /api/user/shortcuts | User: anon
[2026-03-28T23:38:12.241Z] GET /api/user/logs-range?start=2026-03-22&end=2026-03-28 | User: anon
[2026-03-28T23:38:12.242Z] GET /favicon.ico | User: anon
[2026-03-28T23:38:13.659Z] GET /api/locations | User: anon
[2026-03-28T23:38:13.663Z] GET /api/menu?locationSlug=the-commons-dining-hall-south-campus&periodSlug=dinner&date=2026-03-28 | User: anon
[2026-03-28T23:38:13.665Z] GET /api/locations/the-commons-dining-hall-south-campus/wait-time | User: anon
[2026-03-28T23:38:28.997Z] GET /api/menu?locationSlug=sbisa-dining-hall-north-campus&periodSlug=dinner&date=2026-03-28 | User: anon
[2026-03-29T00:01:06.929Z] GET /api/menu/status?locationSlug=sbisa-dining-hall-north-campus&periodSlug=dinner&date=2026-03-28 | User: anon
[2026-03-29T00:15:04.432Z] GET / | User: anon
[2026-03-29T00:15:04.491Z] GET /style.css | User: anon
[2026-03-29T00:15:04.493Z] GET /app.js | User: anon
[2026-03-29T00:15:04.694Z] GET /api/auth/me | User: anon
[2026-03-29T00:15:04.829Z] GET /api/auth/config | User: anon
[2026-03-29T00:15:04.831Z] GET /favicon.ico | User: anon
[2026-03-29T00:15:18.125Z] GET /favicon.ico | User: anon
[2026-03-29T00:15:18.211Z] GET /favicon.ico | User: anon
[2026-03-29T00:16:32.242Z] GET /api/menu?locationSlug=the-commons-dining-hall-south-campus&periodSlug=breakfast&date=2026-03-28 | User: anon
[2026-03-29T00:16:40.282Z] GET /api/menu/status?locationSlug=the-commons-dining-hall-south-campus&periodSlug=breakfast&date=2026-03-28 | User: anon
[2026-03-29T00:16:55.288Z] GET /api/menu?locationSlug=the-commons-dining-hall-south-campus&periodSlug=brunch&date=2026-03-28 | User: anon
[2026-03-29T00:17:02.934Z] GET / | User: anon
[2026-03-29T00:17:02.988Z] GET /style.css | User: anon
[2026-03-29T00:17:02.990Z] GET /app.js | User: anon
[2026-03-29T00:17:02.995Z] GET /api/auth/me | User: anon
[2026-03-29T00:17:03.162Z] GET /api/user/logs?date=2026-03-28 | User: anon
[2026-03-29T00:17:03.312Z] GET /api/user/logs-range?start=2026-03-23&end=2026-03-29 | User: anon
[2026-03-29T00:17:03.314Z] GET /api/user/logs-range?start=2026-03-28&end=2026-03-28 | User: anon
[2026-03-29T00:17:03.317Z] GET /api/user/logs-range?start=2026-03-22&end=2026-03-28 | User: anon
[2026-03-29T00:17:03.318Z] GET /api/user/shortcuts | User: anon
[2026-03-29T00:17:03.530Z] GET /favicon.ico | User: anon
[2026-03-29T00:17:10.296Z] GET /api/menu?locationSlug=the-commons-dining-hall-south-campus&periodSlug=lunch&date=2026-03-28 | User: anon
[2026-03-29T00:17:18.306Z] GET /api/menu/status?locationSlug=the-commons-dining-hall-south-campus&periodSlug=lunch&date=2026-03-28 | User: anon
[2026-03-29T00:17:33.313Z] GET /api/menu?locationSlug=the-commons-dining-hall-south-campus&periodSlug=dinner&date=2026-03-28 | User: anon
[2026-03-29T00:17:44.881Z] GET / | User: anon
[2026-03-29T00:17:44.951Z] GET /style.css | User: anon
[2026-03-29T00:17:44.955Z] GET /app.js | User: anon
[2026-03-29T00:17:45.026Z] GET /.well-known/appspecific/com.chrome.devtools.json | User: anon
[2026-03-29T00:17:46.075Z] GET /favicon.ico | User: anon
[2026-03-29T00:17:46.115Z] GET /api/auth/config | User: anon
[2026-03-29T00:17:48.322Z] GET /api/menu?locationSlug=sbisa-dining-hall-north-campus&periodSlug=breakfast&date=2026-03-28 | User: anon
[2026-03-29T00:17:56.329Z] GET /api/menu/status?locationSlug=sbisa-dining-hall-north-campus&periodSlug=breakfast&date=2026-03-28 | User: anon
[2026-03-29T00:18:04.332Z] GET /api/menu/status?locationSlug=sbisa-dining-hall-north-campus&periodSlug=breakfast&date=2026-03-28 | User: anon
[2026-03-29T00:18:18.844Z] GET /api/locations | User: anon
[2026-03-29T00:18:18.857Z] GET /api/menu?locationSlug=the-commons-dining-hall-south-campus&periodSlug=dinner&date=2026-03-28 | User: anon
[2026-03-29T00:18:18.862Z] GET /api/locations/the-commons-dining-hall-south-campus/wait-time | User: anon
[2026-03-29T00:18:19.338Z] GET /api/menu?locationSlug=sbisa-dining-hall-north-campus&periodSlug=brunch&date=2026-03-28 | User: anon
[2026-03-29T00:18:24.074Z] POST /api/user/logs | User: anon
[2026-03-29T00:18:24.086Z] GET /api/user/logs-range?start=2026-03-28&end=2026-03-28 | User: anon
[2026-03-29T00:18:24.087Z] GET /api/user/logs?date=2026-03-28 | User: anon
[2026-03-29T00:18:24.100Z] GET /api/user/logs-range?start=2026-03-28&end=2026-03-28 | User: anon
[2026-03-29T00:18:24.101Z] GET /api/user/logs-range?start=2026-03-23&end=2026-03-29 | User: anon
[2026-03-29T00:18:24.102Z] GET /api/user/logs-range?start=2026-03-22&end=2026-03-28 | User: anon
[2026-03-29T00:18:24.102Z] GET /api/user/shortcuts | User: anon
[2026-03-29T00:18:27.343Z] GET /api/menu/status?locationSlug=sbisa-dining-hall-north-campus&periodSlug=brunch&date=2026-03-28 | User: anon
[2026-03-29T00:18:32.527Z] GET /api/user/logs-range?start=2026-03-21&end=2026-03-28 | User: anon
[2026-03-29T00:18:33.945Z] GET /api/user/logs-range?start=2025-03-28&end=2026-03-28 | User: anon
[2026-03-29T00:18:35.489Z] GET /api/user/logs-range?start=2026-03-21&end=2026-03-28 | User: anon
[2026-03-29T00:18:37.013Z] GET /api/user/logs-range?start=2026-03-28&end=2026-03-28 | User: anon
[2026-03-29T00:18:38.259Z] GET /api/user/logs-range?start=2026-03-28&end=2026-03-28 | User: anon
[2026-03-29T00:18:39.389Z] GET /api/user/logs-range?start=2026-03-28&end=2026-03-28 | User: anon
[2026-03-29T00:18:40.810Z] GET /api/user/logs-range?start=2026-03-28&end=2026-03-28 | User: anon
[2026-03-29T00:18:42.348Z] GET /api/menu?locationSlug=sbisa-dining-hall-north-campus&periodSlug=lunch&date=2026-03-28 | User: anon
[2026-03-29T00:18:43.478Z] GET /api/user/logs-range?start=2026-03-28&end=2026-03-28 | User: anon
[2026-03-29T00:18:44.810Z] GET /api/user/logs-range?start=2026-03-28&end=2026-03-28 | User: anon
[2026-03-29T00:18:45.821Z] GET /api/user/logs-range?start=2026-03-28&end=2026-03-28 | User: anon
[2026-03-29T00:18:47.143Z] GET /api/user/logs-range?start=2026-03-28&end=2026-03-28 | User: anon
[2026-03-29T00:18:49.128Z] GET /api/user/logs-range?start=2026-03-28&end=2026-03-28 | User: anon
[2026-03-29T00:18:50.359Z] GET /api/menu/status?locationSlug=sbisa-dining-hall-north-campus&periodSlug=lunch&date=2026-03-28 | User: anon
[2026-03-29T00:19:05.364Z] GET /api/menu?locationSlug=sbisa-dining-hall-north-campus&periodSlug=dinner&date=2026-03-28 | User: anon
[2026-03-29T00:19:13.370Z] GET /api/menu/status?locationSlug=sbisa-dining-hall-north-campus&periodSlug=dinner&date=2026-03-28 | User: anon
[2026-03-29T00:19:51.385Z] GET /api/menu?locationSlug=duncan-dining-hall-south-campus-quad&periodSlug=brunch&date=2026-03-28 | User: anon
[2026-03-29T00:19:59.427Z] GET /api/menu/status?locationSlug=duncan-dining-hall-south-campus-quad&periodSlug=brunch&date=2026-03-28 | User: anon
[2026-03-29T00:20:02.130Z] GET /dashboard | User: anon
[2026-03-29T00:20:02.177Z] GET /style.css | User: anon
[2026-03-29T00:20:02.178Z] GET /app.js | User: anon
[2026-03-29T00:20:02.366Z] GET /favicon.ico | User: anon
[2026-03-29T00:20:02.446Z] GET /api/auth/config | User: anon
[2026-03-29T00:20:07.433Z] GET /api/menu/status?locationSlug=duncan-dining-hall-south-campus-quad&periodSlug=brunch&date=2026-03-28 | User: anon
[2026-03-29T00:20:15.441Z] GET /api/menu/status?locationSlug=duncan-dining-hall-south-campus-quad&periodSlug=brunch&date=2026-03-28 | User: anon
[2026-03-29T00:20:23.448Z] GET /api/menu/status?locationSlug=duncan-dining-hall-south-campus-quad&periodSlug=brunch&date=2026-03-28 | User: anon
[2026-03-29T00:20:38.458Z] GET /api/menu?locationSlug=duncan-dining-hall-south-campus-quad&periodSlug=lunch&date=2026-03-28 | User: anon
[2026-03-29T00:20:41.081Z] GET /dashboard | User: anon
[2026-03-29T00:20:41.150Z] GET /style.css | User: anon
[2026-03-29T00:20:41.152Z] GET /app.js | User: anon
[2026-03-29T00:20:41.203Z] GET /api/auth/me | User: anon
[2026-03-29T00:20:41.233Z] GET /api/user/logs?date=2026-03-28 | User: anon
[2026-03-29T00:20:41.234Z] GET /favicon.ico | User: anon
[2026-03-29T00:20:46.481Z] GET /api/menu/status?locationSlug=duncan-dining-hall-south-campus-quad&periodSlug=lunch&date=2026-03-28 | User: anon
[2026-03-29T00:20:54.353Z] GET /favicon.ico | User: anon
[2026-03-29T00:20:54.362Z] GET /favicon.ico | User: anon
[2026-03-29T00:20:54.492Z] GET /api/menu/status?locationSlug=duncan-dining-hall-south-campus-quad&periodSlug=lunch&date=2026-03-28 | User: anon
[2026-03-29T00:20:58.211Z] GET /favicon.ico | User: anon
[2026-03-29T00:20:58.220Z] GET /favicon.ico | User: anon
[2026-03-29T00:21:02.502Z] GET /api/menu/status?locationSlug=duncan-dining-hall-south-campus-quad&periodSlug=lunch&date=2026-03-28 | User: anon
[2026-03-29T00:21:10.455Z] GET /api/locations | User: anon
[2026-03-29T00:21:10.464Z] GET /api/menu?locationSlug=the-commons-dining-hall-south-campus&periodSlug=dinner&date=2026-03-28 | User: anon
[2026-03-29T00:21:10.468Z] GET /api/locations/the-commons-dining-hall-south-campus/wait-time | User: anon
[2026-03-29T00:21:10.509Z] GET /api/menu/status?locationSlug=duncan-dining-hall-south-campus-quad&periodSlug=lunch&date=2026-03-28 | User: anon
[2026-03-29T00:21:25.515Z] GET /api/menu?locationSlug=duncan-dining-hall-south-campus-quad&periodSlug=dinner&date=2026-03-28 | User: anon
[2026-03-29T00:21:27.488Z] POST /api/user/logs | User: anon
[2026-03-29T00:21:27.520Z] GET /api/user/logs-range?start=2026-03-28&end=2026-03-28 | User: anon
[2026-03-29T00:21:27.521Z] GET /api/user/logs?date=2026-03-28 | User: anon
[2026-03-29T00:21:31.657Z] GET /favicon.ico | User: anon
[2026-03-29T00:21:31.669Z] GET /favicon.ico | User: anon
[2026-03-29T00:21:33.524Z] GET /api/menu/status?locationSlug=duncan-dining-hall-south-campus-quad&periodSlug=dinner&date=2026-03-28 | User: anon
[2026-03-29T00:21:36.137Z] GET /favicon.ico | User: anon
[2026-03-29T00:21:36.144Z] GET /favicon.ico | User: anon
[2026-03-29T00:21:41.528Z] GET /api/menu/status?locationSlug=duncan-dining-hall-south-campus-quad&periodSlug=dinner&date=2026-03-28 | User: anon
[2026-03-29T00:21:47.814Z] GET /api/user/logs-range?start=2026-03-22&end=2026-03-28 | User: anon
[2026-03-29T00:21:49.535Z] GET /api/menu/status?locationSlug=duncan-dining-hall-south-campus-quad&periodSlug=dinner&date=2026-03-28 | User: anon
[2026-03-29T00:21:51.759Z] GET /favicon.ico | User: anon
[2026-03-29T00:21:51.770Z] GET /favicon.ico | User: anon
[2026-03-29T00:21:55.538Z] GET /favicon.ico | User: anon
[2026-03-29T00:21:55.545Z] GET /favicon.ico | User: anon
[2026-03-29T00:21:57.539Z] GET /api/menu/status?locationSlug=duncan-dining-hall-south-campus-quad&periodSlug=dinner&date=2026-03-28 | User: anon
[2026-03-29T00:22:09.334Z] GET /api/locations | User: anon
[2026-03-29T00:22:09.348Z] GET /api/menu?locationSlug=the-commons-dining-hall-south-campus&periodSlug=dinner&date=2026-03-28 | User: anon
[2026-03-29T00:22:09.351Z] GET /api/locations/the-commons-dining-hall-south-campus/wait-time | User: anon
[2026-03-29T00:22:33.013Z] POST /api/locations/the-commons-dining-hall-south-campus/wait-time | User: anon
[2026-03-29T00:22:53.203Z] GET /api/user/logs?date=2026-03-28 | User: anon
[2026-03-29T00:22:53.219Z] GET /api/user/logs-range?start=2026-03-22&end=2026-03-28 | User: anon
[2026-03-29T00:22:53.221Z] GET /api/user/logs-range?start=2026-03-28&end=2026-03-28 | User: anon
[2026-03-29T00:22:53.223Z] GET /api/user/shortcuts | User: anon
[2026-03-29T00:22:53.224Z] GET /api/user/logs-range?start=2026-03-23&end=2026-03-29 | User: anon
[2026-03-29T00:22:54.985Z] GET / | User: anon
[2026-03-29T00:22:55.047Z] GET /style.css | User: anon
[2026-03-29T00:22:55.047Z] GET /app.js | User: anon
[2026-03-29T00:22:55.074Z] GET /api/auth/me | User: anon
[2026-03-29T00:22:55.170Z] GET /api/user/logs?date=2026-03-28 | User: anon
[2026-03-29T00:22:55.428Z] GET /api/user/shortcuts | User: anon
[2026-03-29T00:22:55.432Z] GET /favicon.ico | User: anon
[2026-03-29T00:22:55.432Z] GET /api/user/logs-range?start=2026-03-22&end=2026-03-28 | User: anon
[2026-03-29T00:22:55.433Z] GET /api/user/logs-range?start=2026-03-23&end=2026-03-29 | User: anon
[2026-03-29T00:22:55.434Z] GET /api/user/logs-range?start=2026-03-14&end=2026-03-28 | User: anon
[2026-03-29T00:23:00.816Z] GET /api/user/logs-range?start=2026-03-21&end=2026-03-28 | User: anon
[2026-03-29T00:23:04.184Z] GET /api/user/logs-range?start=2026-03-21&end=2026-03-28 | User: anon
[2026-03-29T00:23:05.359Z] GET /api/user/logs-range?start=2026-03-21&end=2026-03-28 | User: anon
[2026-03-29T00:23:09.328Z] POST /api/user/goals | User: anon
[2026-03-29T00:23:09.336Z] GET /api/user/logs?date=2026-03-28 | User: anon
[2026-03-29T00:23:09.343Z] GET /api/user/shortcuts | User: anon
[2026-03-29T00:23:09.345Z] GET /api/user/logs-range?start=2026-03-23&end=2026-03-29 | User: anon
[2026-03-29T00:23:09.346Z] GET /api/user/logs-range?start=2026-03-21&end=2026-03-28 | User: anon
[2026-03-29T00:23:09.347Z] GET /api/user/logs-range?start=2026-03-22&end=2026-03-28 | User: anon
[2026-03-29T00:23:22.786Z] GET /api/locations | User: anon
[2026-03-29T00:23:22.792Z] GET /api/menu?locationSlug=the-commons-dining-hall-south-campus&periodSlug=dinner&date=2026-03-28 | User: anon
[2026-03-29T00:23:22.799Z] GET /api/locations/the-commons-dining-hall-south-campus/wait-time | User: anon
[2026-03-29T00:24:10.985Z] GET /dashboard | User: anon
[2026-03-29T00:24:11.002Z] GET /app.js | User: anon
[2026-03-29T00:24:11.003Z] GET /style.css | User: anon
[2026-03-29T00:24:11.175Z] GET /api/auth/me | User: anon
[2026-03-29T00:24:11.202Z] GET /api/user/logs?date=2026-03-28 | User: anon
[2026-03-29T00:24:12.054Z] GET /favicon.ico | User: anon
[2026-03-29T00:25:07.730Z] GET / | User: anon
[2026-03-29T00:25:07.812Z] GET /style.css | User: anon
[2026-03-29T00:25:07.815Z] GET /app.js | User: anon
[2026-03-29T00:25:07.878Z] GET /api/auth/me | User: anon
[2026-03-29T00:25:07.945Z] GET /api/user/logs?date=2026-03-28 | User: anon
[2026-03-29T00:25:08.000Z] GET /api/user/logs-range?start=2026-03-14&end=2026-03-28 | User: anon
[2026-03-29T00:25:08.005Z] GET /api/user/shortcuts | User: anon
[2026-03-29T00:25:08.011Z] GET /api/user/logs-range?start=2026-03-22&end=2026-03-28 | User: anon
[2026-03-29T00:25:08.013Z] GET /api/user/logs-range?start=2026-03-22&end=2026-03-28 | User: anon
[2026-03-29T00:25:08.034Z] GET /favicon.ico | User: anon
[2026-03-29T00:25:09.395Z] GET /api/locations | User: anon
[2026-03-29T00:25:09.404Z] GET /api/menu?locationSlug=the-commons-dining-hall-south-campus&periodSlug=dinner&date=2026-03-28 | User: anon
[2026-03-29T00:25:09.413Z] GET /api/locations/the-commons-dining-hall-south-campus/wait-time | User: anon
[2026-03-29T00:25:47.535Z] GET /dashboard | User: anon
[2026-03-29T00:25:47.653Z] GET /app.js | User: anon
[2026-03-29T00:25:47.654Z] GET /style.css | User: anon
[2026-03-29T00:25:47.706Z] GET /api/auth/me | User: anon
[2026-03-29T00:25:47.714Z] GET /api/user/logs?date=2026-03-28 | User: anon
[2026-03-29T00:25:47.715Z] GET /favicon.ico | User: anon
[2026-03-29T00:26:09.519Z] GET /api/locations | User: anon
[2026-03-29T00:26:09.547Z] GET /api/menu?locationSlug=the-commons-dining-hall-south-campus&periodSlug=dinner&date=2026-03-28 | User: anon
[2026-03-29T00:26:09.564Z] GET /api/locations/the-commons-dining-hall-south-campus/wait-time | User: anon
[2026-03-29T00:26:27.061Z] POST /api/user/logs | User: anon
[2026-03-29T00:26:27.068Z] GET /api/user/logs-range?start=2026-03-14&end=2026-03-28 | User: anon
[2026-03-29T00:26:27.069Z] GET /api/user/logs?date=2026-03-28 | User: anon
[2026-03-29T00:26:31.220Z] GET /favicon.ico | User: anon
[2026-03-29T00:26:31.225Z] GET /favicon.ico | User: anon
[2026-03-29T00:26:34.202Z] GET /favicon.ico | User: anon
[2026-03-29T00:26:34.214Z] GET /favicon.ico | User: anon
[2026-03-29T00:27:03.878Z] GET /dashboard | User: anon
[2026-03-29T00:27:03.947Z] GET /app.js | User: anon
[2026-03-29T00:27:03.948Z] GET /style.css | User: anon
[2026-03-29T00:27:03.993Z] GET /api/auth/me | User: anon
[2026-03-29T00:27:04.001Z] GET /api/user/logs?date=2026-03-28 | User: anon
[2026-03-29T00:27:04.002Z] GET /favicon.ico | User: anon
[2026-03-29T00:28:08.165Z] GET /api/locations | User: anon
[2026-03-29T00:28:08.170Z] GET /api/menu?locationSlug=the-commons-dining-hall-south-campus&periodSlug=dinner&date=2026-03-28 | User: anon
[2026-03-29T00:28:08.174Z] GET /api/locations/the-commons-dining-hall-south-campus/wait-time | User: anon
[2026-03-29T00:28:08.888Z] GET / | User: anon
[2026-03-29T00:28:08.942Z] GET /style.css | User: anon
[2026-03-29T00:28:08.949Z] GET /app.js | User: anon
[2026-03-29T00:28:09.013Z] GET /api/auth/me | User: anon
[2026-03-29T00:28:09.041Z] GET /api/user/logs?date=2026-03-28 | User: anon
[2026-03-29T00:28:09.127Z] GET /api/user/logs-range?start=2026-03-14&end=2026-03-28 | User: anon
[2026-03-29T00:28:09.128Z] GET /api/user/logs-range?start=2026-03-22&end=2026-03-28 | User: anon
[2026-03-29T00:28:09.130Z] GET /api/user/shortcuts | User: anon
[2026-03-29T00:28:09.131Z] GET /api/user/logs-range?start=2026-03-22&end=2026-03-28 | User: anon
[2026-03-29T00:28:09.132Z] GET /favicon.ico | User: anon
[2026-03-29T00:28:10.362Z] GET /api/locations | User: anon
[2026-03-29T00:28:10.366Z] GET /api/menu?locationSlug=the-commons-dining-hall-south-campus&periodSlug=dinner&date=2026-03-28 | User: anon
[2026-03-29T00:28:10.368Z] GET /api/locations/the-commons-dining-hall-south-campus/wait-time | User: anon
[2026-03-29T00:28:31.438Z] GET /api/menu?locationSlug=the-commons-dining-hall-south-campus&periodSlug=dinner&date=2026-03-28&refresh=true | User: anon
[2026-03-29T00:28:34.453Z] GET /api/menu/status?locationSlug=the-commons-dining-hall-south-campus&periodSlug=dinner&date=2026-03-28 | User: anon
[2026-03-29T00:28:34.457Z] GET /api/menu?locationSlug=the-commons-dining-hall-south-campus&periodSlug=dinner&date=2026-03-28 | User: anon
[2026-03-29T00:28:34.460Z] GET /api/locations/the-commons-dining-hall-south-campus/wait-time | User: anon
[2026-03-29T00:29:02.269Z] GET /dashboard | User: anon
[2026-03-29T00:29:02.364Z] GET /style.css | User: anon
[2026-03-29T00:29:02.364Z] GET /app.js | User: anon
[2026-03-29T00:29:02.400Z] GET /api/auth/me | User: anon
[2026-03-29T00:29:02.409Z] GET /api/user/logs?date=2026-03-28 | User: anon
[2026-03-29T00:29:02.801Z] GET /favicon.ico | User: anon
[2026-03-29T00:29:07.416Z] GET /dashboard | User: anon
[2026-03-29T00:29:07.452Z] GET /style.css | User: anon
[2026-03-29T00:29:07.454Z] GET /app.js | User: anon
[2026-03-29T00:29:07.502Z] GET /api/auth/me | User: anon
[2026-03-29T00:29:07.511Z] GET /api/user/logs?date=2026-03-28 | User: anon
[2026-03-29T00:29:07.522Z] GET /favicon.ico | User: anon
[2026-03-29T00:29:24.226Z] GET /favicon.ico | User: anon
[2026-03-29T00:29:24.231Z] GET /favicon.ico | User: anon
[2026-03-29T00:29:28.577Z] GET /favicon.ico | User: anon
[2026-03-29T00:29:28.583Z] GET /favicon.ico | User: anon
[2026-03-29T00:29:33.585Z] GET /app.js | User: anon
[2026-03-29T00:29:33.802Z] GET /favicon.ico | User: anon
[2026-03-29T00:29:46.085Z] GET /api/user/logs?date=2026-03-29 | User: anon
[2026-03-29T00:29:46.095Z] GET /api/user/logs-range?start=2026-03-22&end=2026-03-28 | User: anon
[2026-03-29T00:30:11.489Z] GET /api/auth/me | User: anon
[2026-03-29T00:30:39.364Z] GET /api/user/logs?date=2026-03-28 | User: anon
[2026-03-29T00:31:57.581Z] GET / | User: anon
[2026-03-29T00:31:57.642Z] GET /style.css | User: anon
[2026-03-29T00:31:57.643Z] GET /app.js | User: anon
[2026-03-29T00:31:57.709Z] GET /api/auth/me | User: anon
[2026-03-29T00:31:57.779Z] GET /api/user/logs?date=2026-03-28 | User: anon
[2026-03-29T00:31:57.837Z] GET /api/user/logs-range?start=2026-03-22&end=2026-03-28 | User: anon
[2026-03-29T00:31:57.838Z] GET /api/user/shortcuts | User: anon
[2026-03-29T00:31:57.839Z] GET /api/user/logs-range?start=2026-03-22&end=2026-03-28 | User: anon
[2026-03-29T00:31:57.840Z] GET /api/user/logs-range?start=2026-03-14&end=2026-03-28 | User: anon
[2026-03-29T00:31:57.877Z] GET /favicon.ico | User: anon
[2026-03-29T00:32:11.960Z] GET / | User: anon
[2026-03-29T00:32:12.054Z] GET /style.css | User: anon
[2026-03-29T00:32:12.055Z] GET /app.js | User: anon
[2026-03-29T00:32:12.083Z] GET /api/auth/me | User: anon
[2026-03-29T00:32:12.131Z] GET /api/user/logs?date=2026-03-28 | User: anon
[2026-03-29T00:32:12.217Z] GET /api/user/shortcuts | User: anon
[2026-03-29T00:32:12.221Z] GET /api/user/logs-range?start=2026-03-22&end=2026-03-28 | User: anon
[2026-03-29T00:32:12.222Z] GET /api/user/logs-range?start=2026-03-22&end=2026-03-28 | User: anon
[2026-03-29T00:32:12.225Z] GET /api/user/logs-range?start=2026-03-14&end=2026-03-28 | User: anon
[2026-03-29T00:32:12.228Z] GET /favicon.ico | User: anon
[2026-03-29T00:32:14.547Z] GET /api/locations | User: anon
[2026-03-29T00:32:14.551Z] GET /api/menu?locationSlug=the-commons-dining-hall-south-campus&periodSlug=dinner&date=2026-03-28 | User: anon
[2026-03-29T00:32:14.554Z] GET /api/locations/the-commons-dining-hall-south-campus/wait-time | User: anon
[2026-03-29T00:32:36.780Z] GET /dashboard | User: anon
[2026-03-29T00:32:36.800Z] GET /style.css | User: anon
[2026-03-29T00:32:36.802Z] GET /app.js | User: anon
[2026-03-29T00:32:37.006Z] GET /api/auth/me | User: anon
[2026-03-29T00:32:37.017Z] GET /api/user/logs?date=2026-03-28 | User: anon
[2026-03-29T00:32:37.036Z] GET /api/user/shortcuts | User: anon
[2026-03-29T00:32:37.038Z] GET /api/user/logs-range?start=2026-03-22&end=2026-03-28 | User: anon
[2026-03-29T00:32:37.038Z] GET /api/user/logs-range?start=2026-03-14&end=2026-03-28 | User: anon
[2026-03-29T00:32:37.040Z] GET /api/user/logs-range?start=2026-03-22&end=2026-03-28 | User: anon
[2026-03-29T00:32:37.484Z] GET /favicon.ico | User: anon
[2026-03-29T00:32:57.119Z] GET /dashboard | User: anon
[2026-03-29T00:32:57.185Z] GET /style.css | User: anon
[2026-03-29T00:32:57.185Z] GET /app.js | User: anon
[2026-03-29T00:32:57.216Z] GET /api/auth/me | User: anon
[2026-03-29T00:32:57.226Z] GET /api/user/logs?date=2026-03-28 | User: anon
[2026-03-29T00:32:57.227Z] GET /favicon.ico | User: anon
[2026-03-29T00:32:57.238Z] GET /api/user/logs-range?start=2026-03-22&end=2026-03-28 | User: anon
[2026-03-29T00:32:57.239Z] GET /api/user/logs-range?start=2026-03-14&end=2026-03-28 | User: anon
[2026-03-29T00:32:57.239Z] GET /api/user/logs-range?start=2026-03-22&end=2026-03-28 | User: anon
[2026-03-29T00:32:57.239Z] GET /api/user/shortcuts | User: anon
[2026-03-29T00:33:06.051Z] GET /api/menu?locationSlug=the-commons-dining-hall-south-campus&periodSlug=dinner&date=2026-03-28&refresh=true | User: anon
[2026-03-29T00:33:09.060Z] GET /api/menu/status?locationSlug=the-commons-dining-hall-south-campus&periodSlug=dinner&date=2026-03-28 | User: anon
[2026-03-29T00:33:09.064Z] GET /api/menu?locationSlug=the-commons-dining-hall-south-campus&periodSlug=dinner&date=2026-03-28 | User: anon
[2026-03-29T00:33:09.067Z] GET /api/locations/the-commons-dining-hall-south-campus/wait-time | User: anon
[2026-03-29T00:33:28.342Z] GET /api/locations | User: anon
[2026-03-29T00:33:28.350Z] GET /api/menu?locationSlug=the-commons-dining-hall-south-campus&periodSlug=dinner&date=2026-03-28 | User: anon
[2026-03-29T00:33:28.354Z] GET /api/locations/the-commons-dining-hall-south-campus/wait-time | User: anon
[2026-03-29T00:34:07.338Z] GET /api/menu?locationSlug=the-commons-dining-hall-south-campus&periodSlug=brunch&date=2026-03-28 | User: anon
[2026-03-29T00:34:07.363Z] GET /api/locations/the-commons-dining-hall-south-campus/wait-time | User: anon
[2026-03-29T00:34:32.646Z] POST /api/user/logs | User: anon
[2026-03-29T00:34:32.670Z] GET /api/user/logs-range?start=2026-03-14&end=2026-03-28 | User: anon
[2026-03-29T00:34:32.672Z] GET /api/user/logs?date=2026-03-28 | User: anon
[2026-03-29T00:34:32.690Z] GET /api/user/logs-range?start=2026-03-14&end=2026-03-28 | User: anon
[2026-03-29T00:34:32.691Z] GET /api/user/shortcuts | User: anon
[2026-03-29T00:34:32.691Z] GET /api/user/logs-range?start=2026-03-22&end=2026-03-28 | User: anon
[2026-03-29T00:34:32.692Z] GET /api/user/logs-range?start=2026-03-22&end=2026-03-28 | User: anon
[2026-03-29T00:35:01.020Z] GET / | User: anon
[2026-03-29T00:35:01.061Z] GET /style.css | User: anon
[2026-03-29T00:35:01.061Z] GET /app.js | User: anon
[2026-03-29T00:35:01.087Z] GET /api/auth/me | User: anon
[2026-03-29T00:35:01.201Z] GET /api/user/logs?date=2026-03-28 | User: anon
[2026-03-29T00:35:01.326Z] GET /api/user/logs-range?start=2026-03-22&end=2026-03-28 | User: anon
[2026-03-29T00:35:01.328Z] GET /api/user/shortcuts | User: anon
[2026-03-29T00:35:01.334Z] GET /api/user/logs-range?start=2026-03-22&end=2026-03-28 | User: anon
[2026-03-29T00:35:01.335Z] GET /api/user/logs-range?start=2026-03-14&end=2026-03-28 | User: anon
[2026-03-29T00:35:01.442Z] GET /favicon.ico | User: anon
[2026-03-29T00:35:27.572Z] GET /api/locations | User: anon
[2026-03-29T00:35:27.577Z] GET /api/menu?locationSlug=the-commons-dining-hall-south-campus&periodSlug=dinner&date=2026-03-28 | User: anon
[2026-03-29T00:35:27.582Z] GET /api/locations/the-commons-dining-hall-south-campus/wait-time | User: anon
[2026-03-29T00:35:29.669Z] GET /api/menu?locationSlug=the-commons-dining-hall-south-campus&periodSlug=brunch&date=2026-03-28 | User: anon
[2026-03-29T00:35:29.672Z] GET /api/locations/the-commons-dining-hall-south-campus/wait-time | User: anon
[2026-03-29T00:35:40.986Z] POST /api/user/logs | User: anon
[2026-03-29T00:35:40.991Z] POST /api/user/logs | User: anon
[2026-03-29T00:35:40.993Z] GET /api/user/logs?date=2026-03-28 | User: anon
[2026-03-29T00:35:40.997Z] GET /api/user/logs-range?start=2026-03-14&end=2026-03-28 | User: anon
[2026-03-29T00:35:41.013Z] GET /api/user/logs-range?start=2026-03-14&end=2026-03-28 | User: anon
[2026-03-29T00:35:41.014Z] GET /api/user/shortcuts | User: anon
[2026-03-29T00:35:41.015Z] GET /api/user/logs-range?start=2026-03-22&end=2026-03-28 | User: anon
[2026-03-29T00:35:41.017Z] GET /api/user/logs-range?start=2026-03-22&end=2026-03-28 | User: anon
[2026-03-29T00:35:53.073Z] GET /api/user/logs-range?start=2026-03-22&end=2026-03-28 | User: anon
[2026-03-29T00:35:55.453Z] GET /api/user/logs-range?start=2026-03-22&end=2026-03-28 | User: anon
[2026-03-29T00:35:57.113Z] GET /api/user/logs-range?start=2026-03-22&end=2026-03-28 | User: anon
[2026-03-29T00:37:07.115Z] GET /dashboard | User: anon
[2026-03-29T00:37:07.173Z] GET /style.css | User: anon
[2026-03-29T00:37:07.175Z] GET /app.js | User: anon
[2026-03-29T00:37:07.232Z] GET /api/auth/me | User: anon
[2026-03-29T00:37:07.242Z] GET /api/user/logs?date=2026-03-28 | User: anon
[2026-03-29T00:37:07.251Z] GET /api/user/logs-range?start=2026-03-22&end=2026-03-28 | User: anon
[2026-03-29T00:37:07.252Z] GET /api/user/shortcuts | User: anon
[2026-03-29T00:37:07.253Z] GET /api/user/logs-range?start=2026-03-22&end=2026-03-28 | User: anon
[2026-03-29T00:37:07.253Z] GET /api/user/logs-range?start=2026-03-14&end=2026-03-28 | User: anon
[2026-03-29T00:37:07.583Z] GET /favicon.ico | User: anon
[2026-03-29T00:37:13.645Z] GET /dashboard | User: anon
[2026-03-29T00:37:13.661Z] GET /style.css | User: anon
[2026-03-29T00:37:13.662Z] GET /app.js | User: anon
[2026-03-29T00:37:13.708Z] GET /api/auth/me | User: anon
[2026-03-29T00:37:13.722Z] GET /api/user/logs?date=2026-03-28 | User: anon
[2026-03-29T00:37:13.725Z] GET /favicon.ico | User: anon
[2026-03-29T00:37:13.733Z] GET /api/user/shortcuts | User: anon
[2026-03-29T00:37:13.735Z] GET /api/user/logs-range?start=2026-03-22&end=2026-03-28 | User: anon
[2026-03-29T00:37:13.736Z] GET /api/user/logs-range?start=2026-03-14&end=2026-03-28 | User: anon
[2026-03-29T00:37:13.737Z] GET /api/user/logs-range?start=2026-03-22&end=2026-03-28 | User: anon
[2026-03-29T00:38:02.666Z] GET / | User: anon
[2026-03-29T00:38:02.741Z] GET /style.css | User: anon
[2026-03-29T00:38:02.741Z] GET /app.js | User: anon
[2026-03-29T00:38:02.752Z] GET /api/auth/me | User: anon
[2026-03-29T00:38:02.830Z] GET /api/user/logs?date=2026-03-28 | User: anon
[2026-03-29T00:38:02.932Z] GET /api/user/shortcuts | User: anon
[2026-03-29T00:38:02.935Z] GET /api/user/logs-range?start=2026-03-14&end=2026-03-28 | User: anon
[2026-03-29T00:38:02.938Z] GET /api/user/logs-range?start=2026-03-22&end=2026-03-28 | User: anon
[2026-03-29T00:38:02.941Z] GET /api/user/logs-range?start=2026-03-22&end=2026-03-28 | User: anon
[2026-03-29T00:38:02.997Z] GET /favicon.ico | User: anon
[2026-03-29T00:38:33.240Z] GET / | User: anon
[2026-03-29T00:38:33.311Z] GET /style.css | User: anon
[2026-03-29T00:38:33.312Z] GET /app.js | User: anon
[2026-03-29T00:38:33.336Z] GET /api/auth/me | User: anon
[2026-03-29T00:38:33.402Z] GET /api/user/logs?date=2026-03-28 | User: anon
[2026-03-29T00:38:33.487Z] GET /api/user/shortcuts | User: anon
[2026-03-29T00:38:33.488Z] GET /api/user/logs-range?start=2026-03-22&end=2026-03-28 | User: anon
[2026-03-29T00:38:33.490Z] GET /api/user/logs-range?start=2026-03-14&end=2026-03-28 | User: anon
[2026-03-29T00:38:33.490Z] GET /api/user/logs-range?start=2026-03-22&end=2026-03-28 | User: anon
[2026-03-29T00:38:33.518Z] GET /favicon.ico | User: anon
[2026-03-29T00:39:36.330Z] GET / | User: anon
[2026-03-29T00:39:36.360Z] GET /style.css | User: anon
[2026-03-29T00:39:36.361Z] GET /app.js | User: anon
[2026-03-29T00:39:36.411Z] GET /api/auth/me | User: anon
[2026-03-29T00:39:36.454Z] GET /api/user/logs?date=2026-03-28 | User: anon
[2026-03-29T00:39:36.532Z] GET /api/user/logs-range?start=2026-03-22&end=2026-03-28 | User: anon
[2026-03-29T00:39:36.533Z] GET /api/user/shortcuts | User: anon
[2026-03-29T00:39:36.534Z] GET /api/user/logs-range?start=2026-03-22&end=2026-03-28 | User: anon
[2026-03-29T00:39:36.535Z] GET /api/user/logs-range?start=2026-03-14&end=2026-03-28 | User: anon
[2026-03-29T00:39:36.556Z] GET /favicon.ico | User: anon
[2026-03-29T00:40:56.741Z] GET / | User: anon
[2026-03-29T00:40:56.804Z] GET /style.css | User: anon
[2026-03-29T00:40:56.805Z] GET /app.js | User: anon
[2026-03-29T00:40:56.829Z] GET /api/auth/me | User: anon
[2026-03-29T00:40:56.899Z] GET /api/user/logs?date=2026-03-28 | User: anon
[2026-03-29T00:40:57.020Z] GET /api/user/logs-range?start=2026-03-22&end=2026-03-28 | User: anon
[2026-03-29T00:40:57.021Z] GET /api/user/logs-range?start=2026-03-14&end=2026-03-28 | User: anon
[2026-03-29T00:40:57.022Z] GET /api/user/logs-range?start=2026-03-22&end=2026-03-28 | User: anon
[2026-03-29T00:40:57.024Z] GET /api/user/shortcuts | User: anon
[2026-03-29T00:40:57.025Z] GET /favicon.ico | User: anon
[2026-03-29T00:41:22.501Z] GET /api/user/logs-range?start=2026-02-27&end=2026-03-28 | User: anon
[2026-03-29T00:41:23.981Z] GET /api/user/logs-range?start=2025-09-30&end=2026-03-28 | User: anon
[2026-03-29T00:41:25.909Z] GET /api/user/logs-range?start=2025-03-29&end=2026-03-28 | User: anon
[2026-03-29T00:41:27.357Z] GET /api/user/logs-range?start=2026-03-22&end=2026-03-28 | User: anon
[2026-03-29T00:41:54.044Z] GET /dashboard | User: anon
[2026-03-29T00:41:54.066Z] GET /style.css | User: anon
[2026-03-29T00:41:54.067Z] GET /app.js | User: anon
[2026-03-29T00:41:54.251Z] GET /api/auth/me | User: anon
[2026-03-29T00:41:54.284Z] GET /api/user/logs?date=2026-03-28 | User: anon
[2026-03-29T00:41:54.302Z] GET /api/user/shortcuts | User: anon
[2026-03-29T00:41:54.303Z] GET /api/user/logs-range?start=2026-03-22&end=2026-03-28 | User: anon
[2026-03-29T00:41:54.305Z] GET /api/user/logs-range?start=2026-03-14&end=2026-03-28 | User: anon
[2026-03-29T00:41:54.307Z] GET /api/user/logs-range?start=2026-03-22&end=2026-03-28 | User: anon
[2026-03-29T00:41:54.614Z] GET /favicon.ico | User: anon
[2026-03-29T00:51:33.032Z] GET /api/menu?locationSlug=the-commons-dining-hall-south-campus&periodSlug=dinner&date=2026-03-28 | User: anon
[2026-03-29T00:51:48.948Z] GET /favicon.ico | User: anon
[2026-03-29T00:51:48.962Z] GET /favicon.ico | User: anon
[2026-03-29T00:51:53.648Z] GET /favicon.ico | User: anon
[2026-03-29T00:51:53.700Z] GET /favicon.ico | User: anon
[2026-03-29T00:52:18.400Z] GET /api/menu?locationSlug=the-commons-dining-hall-south-campus&periodSlug=dinner&date=2026-03-28 | User: anon
[2026-03-29T00:52:47.180Z] GET /favicon.ico | User: anon
[2026-03-29T00:52:47.197Z] GET /favicon.ico | User: anon
[2026-03-29T00:52:54.484Z] GET /api/menu?locationSlug=the-commons-dining-hall-south-campus&periodSlug=dinner&date=2026-03-28 | User: anon
[2026-03-29T00:53:39.719Z] GET /api/locations | User: anon
[2026-03-29T00:53:39.731Z] GET /api/menu?locationSlug=the-commons-dining-hall-south-campus&periodSlug=dinner&date=2026-03-28 | User: anon
[2026-03-29T00:53:39.762Z] GET /api/locations/the-commons-dining-hall-south-campus/wait-time | User: anon
[2026-03-29T01:08:41.036Z] GET / | User: anon
[2026-03-29T01:08:41.081Z] GET /app.js | User: anon
[2026-03-29T01:08:41.082Z] GET /style.css | User: anon
[2026-03-29T01:08:41.118Z] GET /api/auth/me | User: anon
[2026-03-29T01:08:41.182Z] GET /api/user/logs?date=2026-03-28 | User: anon
[2026-03-29T01:08:41.206Z] GET /api/user/logs-range?start=2026-03-22&end=2026-03-28 | User: anon
[2026-03-29T01:08:41.212Z] GET /api/user/logs-range?start=2026-03-22&end=2026-03-28 | User: anon
[2026-03-29T01:08:41.214Z] GET /api/user/logs-range?start=2026-03-14&end=2026-03-28 | User: anon
[2026-03-29T01:08:41.215Z] GET /api/user/shortcuts | User: anon
[2026-03-29T01:08:41.446Z] GET /favicon.ico | User: anon
[2026-03-29T01:08:43.002Z] GET /api/locations | User: anon
[2026-03-29T01:08:43.009Z] GET /api/menu?locationSlug=the-commons-dining-hall-south-campus&periodSlug=dinner&date=2026-03-28 | User: anon
[2026-03-29T01:08:43.013Z] GET /api/locations/the-commons-dining-hall-south-campus/wait-time | User: anon
[2026-03-29T01:08:51.003Z] GET /api/menu?locationSlug=the-commons-dining-hall-south-campus&periodSlug=dinner&date=2026-03-28&refresh=true | User: anon
[2026-03-29T01:08:54.023Z] GET /api/menu/status?locationSlug=the-commons-dining-hall-south-campus&periodSlug=dinner&date=2026-03-28 | User: anon
[2026-03-29T01:08:54.029Z] GET /api/menu?locationSlug=the-commons-dining-hall-south-campus&periodSlug=dinner&date=2026-03-28 | User: anon
[2026-03-29T01:08:54.040Z] GET /api/locations/the-commons-dining-hall-south-campus/wait-time | User: anon
