[2026-04-14T07:29:50.652Z] GET / | User: anon
[2026-04-14T07:29:50.675Z] GET /style.css | User: anon
[2026-04-14T07:29:50.676Z] GET /app.js?v=3 | User: anon
[2026-04-14T07:29:50.676Z] GET /assets/logo-gray.jpg | User: anon
[2026-04-14T07:29:50.885Z] GET /api/auth/me | User: anon
[2026-04-14T07:29:51.096Z] GET /api/user/logs?date=2026-04-14 | User: anon
[2026-04-14T07:29:51.099Z] GET /api/user/calorie-debt | User: anon
[2026-04-14T07:29:51.102Z] GET /api/user/saved-scenarios | User: anon
[2026-04-14T07:29:51.107Z] GET /api/user/logs-range?start=2026-03-16&end=2026-04-14 | User: anon
[2026-04-14T07:29:51.112Z] GET /api/user/logs-range?start=2026-01-14&end=2026-04-14 | User: anon
[2026-04-14T07:29:51.124Z] GET /api/user/logs-range?start=2026-04-08&end=2026-04-14 | User: anon
[2026-04-14T07:29:51.125Z] GET /api/user/logs-range?start=2026-03-31&end=2026-04-14 | User: anon
[2026-04-14T07:29:51.125Z] GET /api/user/logs-range?start=2026-04-01&end=2026-04-14 | User: anon
[2026-04-14T07:29:51.126Z] GET /api/user/shortcuts | User: anon
[2026-04-14T07:29:51.127Z] GET /api/user/logs-range?start=2026-03-18&end=2026-04-14 | User: anon
[2026-04-14T07:29:51.128Z] GET /api/user/logs-range?start=2026-03-17&end=2026-04-14 | User: anon
[2026-04-14T07:29:51.129Z] GET /api/user/calorie-debt | User: anon
[2026-04-14T07:29:52.076Z] GET /favicon.ico | User: anon
[2026-04-14T07:29:56.303Z] GET /api/locations | User: anon
[2026-04-14T07:29:56.308Z] GET /api/menu?locationSlug=the-commons-dining-hall-south-campus&periodSlug=breakfast&date=2026-04-14 | User: anon
[2026-04-14T07:29:59.566Z] GET /api/menu/status?locationSlug=the-commons-dining-hall-south-campus&periodSlug=breakfast&date=2026-04-14 | User: anon
[2026-04-14T07:30:02.563Z] GET /api/menu/status?locationSlug=the-commons-dining-hall-south-campus&periodSlug=breakfast&date=2026-04-14 | User: anon
[2026-04-14T07:30:05.566Z] GET /api/menu/status?locationSlug=the-commons-dining-hall-south-campus&periodSlug=breakfast&date=2026-04-14 | User: anon
[2026-04-14T07:30:05.579Z] GET /api/menu?locationSlug=the-commons-dining-hall-south-campus&periodSlug=breakfast&date=2026-04-14 | User: anon
[2026-04-14T07:30:05.590Z] GET /api/locations/the-commons-dining-hall-south-campus/wait-time | User: anon
[2026-04-16T11:00:00.150Z] GET /api/menu?locationSlug=the-commons-dining-hall-south-campus&periodSlug=breakfast&date=2026-04-16 | User: anon
[2026-04-16T11:00:08.421Z] GET /api/menu/status?locationSlug=the-commons-dining-hall-south-campus&periodSlug=breakfast&date=2026-04-16 | User: anon
[2026-04-16T11:00:23.432Z] GET /api/menu?locationSlug=the-commons-dining-hall-south-campus&periodSlug=brunch&date=2026-04-16 | User: anon
[2026-04-16T11:00:31.444Z] GET /api/menu/status?locationSlug=the-commons-dining-hall-south-campus&periodSlug=brunch&date=2026-04-16 | User: anon
[2026-04-16T11:00:46.456Z] GET /api/menu?locationSlug=the-commons-dining-hall-south-campus&periodSlug=lunch&date=2026-04-16 | User: anon
[2026-04-16T11:00:54.469Z] GET /api/menu/status?locationSlug=the-commons-dining-hall-south-campus&periodSlug=lunch&date=2026-04-16 | User: anon
[2026-04-16T11:01:09.479Z] GET /api/menu?locationSlug=the-commons-dining-hall-south-campus&periodSlug=dinner&date=2026-04-16 | User: anon
[2026-04-16T11:01:17.494Z] GET /api/menu/status?locationSlug=the-commons-dining-hall-south-campus&periodSlug=dinner&date=2026-04-16 | User: anon
[2026-04-16T11:01:32.503Z] GET /api/menu?locationSlug=sbisa-dining-hall-north-campus&periodSlug=breakfast&date=2026-04-16 | User: anon
[2026-04-16T11:01:40.539Z] GET /api/menu/status?locationSlug=sbisa-dining-hall-north-campus&periodSlug=breakfast&date=2026-04-16 | User: anon
[2026-04-16T11:01:48.545Z] GET /api/menu/status?locationSlug=sbisa-dining-hall-north-campus&periodSlug=breakfast&date=2026-04-16 | User: anon
[2026-04-16T11:02:03.555Z] GET /api/menu?locationSlug=sbisa-dining-hall-north-campus&periodSlug=brunch&date=2026-04-16 | User: anon
[2026-04-16T11:02:11.573Z] GET /api/menu/status?locationSlug=sbisa-dining-hall-north-campus&periodSlug=brunch&date=2026-04-16 | User: anon
[2026-04-16T11:02:26.583Z] GET /api/menu?locationSlug=sbisa-dining-hall-north-campus&periodSlug=lunch&date=2026-04-16 | User: anon
[2026-04-16T11:02:34.594Z] GET /api/menu/status?locationSlug=sbisa-dining-hall-north-campus&periodSlug=lunch&date=2026-04-16 | User: anon
[2026-04-16T11:02:49.603Z] GET /api/menu?locationSlug=sbisa-dining-hall-north-campus&periodSlug=dinner&date=2026-04-16 | User: anon
[2026-04-16T11:02:57.618Z] GET /api/menu/status?locationSlug=sbisa-dining-hall-north-campus&periodSlug=dinner&date=2026-04-16 | User: anon
[2026-04-16T11:03:12.631Z] GET /api/menu?locationSlug=duncan-dining-hall-south-campus-quad&periodSlug=breakfast&date=2026-04-16 | User: anon
[2026-04-16T11:03:20.649Z] GET /api/menu/status?locationSlug=duncan-dining-hall-south-campus-quad&periodSlug=breakfast&date=2026-04-16 | User: anon
[2026-04-16T11:03:35.656Z] GET /api/menu?locationSlug=duncan-dining-hall-south-campus-quad&periodSlug=brunch&date=2026-04-16 | User: anon
[2026-04-16T11:03:43.669Z] GET /api/menu/status?locationSlug=duncan-dining-hall-south-campus-quad&periodSlug=brunch&date=2026-04-16 | User: anon
[2026-04-16T11:03:58.683Z] GET /api/menu?locationSlug=duncan-dining-hall-south-campus-quad&periodSlug=lunch&date=2026-04-16 | User: anon
[2026-04-16T11:04:06.697Z] GET /api/menu/status?locationSlug=duncan-dining-hall-south-campus-quad&periodSlug=lunch&date=2026-04-16 | User: anon
[2026-04-16T11:04:21.708Z] GET /api/menu?locationSlug=duncan-dining-hall-south-campus-quad&periodSlug=dinner&date=2026-04-16 | User: anon
[2026-04-16T11:04:29.718Z] GET /api/menu/status?locationSlug=duncan-dining-hall-south-campus-quad&periodSlug=dinner&date=2026-04-16 | User: anon
[2026-04-17T11:02:42.021Z] GET /api/menu?locationSlug=the-commons-dining-hall-south-campus&periodSlug=breakfast&date=2026-04-17 | User: anon
[2026-04-17T11:02:50.482Z] GET /api/menu/status?locationSlug=the-commons-dining-hall-south-campus&periodSlug=breakfast&date=2026-04-17 | User: anon
[2026-04-17T11:02:58.502Z] GET /api/menu/status?locationSlug=the-commons-dining-hall-south-campus&periodSlug=breakfast&date=2026-04-17 | User: anon
[2026-04-17T11:03:13.511Z] GET /api/menu?locationSlug=the-commons-dining-hall-south-campus&periodSlug=brunch&date=2026-04-17 | User: anon
[2026-04-17T11:03:21.527Z] GET /api/menu/status?locationSlug=the-commons-dining-hall-south-campus&periodSlug=brunch&date=2026-04-17 | User: anon
[2026-04-17T11:03:36.532Z] GET /api/menu?locationSlug=the-commons-dining-hall-south-campus&periodSlug=lunch&date=2026-04-17 | User: anon
[2026-04-17T11:03:44.542Z] GET /api/menu/status?locationSlug=the-commons-dining-hall-south-campus&periodSlug=lunch&date=2026-04-17 | User: anon
[2026-04-17T11:09:08.108Z] GET /api/menu?locationSlug=the-commons-dining-hall-south-campus&periodSlug=dinner&date=2026-04-17 | User: anon
[2026-04-17T11:09:16.118Z] GET /api/menu/status?locationSlug=the-commons-dining-hall-south-campus&periodSlug=dinner&date=2026-04-17 | User: anon
[2026-04-17T11:09:24.127Z] GET /api/menu/status?locationSlug=the-commons-dining-hall-south-campus&periodSlug=dinner&date=2026-04-17 | User: anon
[2026-04-17T11:09:39.140Z] GET /api/menu?locationSlug=sbisa-dining-hall-north-campus&periodSlug=breakfast&date=2026-04-17 | User: anon
[2026-04-17T11:09:47.152Z] GET /api/menu/status?locationSlug=sbisa-dining-hall-north-campus&periodSlug=breakfast&date=2026-04-17 | User: anon
[2026-04-17T11:10:02.166Z] GET /api/menu?locationSlug=sbisa-dining-hall-north-campus&periodSlug=brunch&date=2026-04-17 | User: anon
[2026-04-17T11:10:10.181Z] GET /api/menu/status?locationSlug=sbisa-dining-hall-north-campus&periodSlug=brunch&date=2026-04-17 | User: anon
[2026-04-17T11:10:25.201Z] GET /api/menu?locationSlug=sbisa-dining-hall-north-campus&periodSlug=lunch&date=2026-04-17 | User: anon
[2026-04-17T11:10:33.215Z] GET /api/menu/status?locationSlug=sbisa-dining-hall-north-campus&periodSlug=lunch&date=2026-04-17 | User: anon
[2026-04-17T11:10:48.221Z] GET /api/menu?locationSlug=sbisa-dining-hall-north-campus&periodSlug=dinner&date=2026-04-17 | User: anon
[2026-04-17T11:10:56.232Z] GET /api/menu/status?locationSlug=sbisa-dining-hall-north-campus&periodSlug=dinner&date=2026-04-17 | User: anon
[2026-04-17T11:11:11.237Z] GET /api/menu?locationSlug=duncan-dining-hall-south-campus-quad&periodSlug=breakfast&date=2026-04-17 | User: anon
[2026-04-17T11:11:19.250Z] GET /api/menu/status?locationSlug=duncan-dining-hall-south-campus-quad&periodSlug=breakfast&date=2026-04-17 | User: anon
[2026-04-17T11:11:34.279Z] GET /api/menu?locationSlug=duncan-dining-hall-south-campus-quad&periodSlug=brunch&date=2026-04-17 | User: anon
[2026-04-17T11:11:42.294Z] GET /api/menu/status?locationSlug=duncan-dining-hall-south-campus-quad&periodSlug=brunch&date=2026-04-17 | User: anon
[2026-04-17T11:11:57.310Z] GET /api/menu?locationSlug=duncan-dining-hall-south-campus-quad&periodSlug=lunch&date=2026-04-17 | User: anon
[2026-04-17T11:12:05.325Z] GET /api/menu/status?locationSlug=duncan-dining-hall-south-campus-quad&periodSlug=lunch&date=2026-04-17 | User: anon
[2026-04-17T11:12:27.300Z] GET /api/menu?locationSlug=duncan-dining-hall-south-campus-quad&periodSlug=dinner&date=2026-04-17 | User: anon
[2026-04-17T11:12:35.429Z] GET /api/menu/status?locationSlug=duncan-dining-hall-south-campus-quad&periodSlug=dinner&date=2026-04-17 | User: anon
[2026-04-18T10:59:59.919Z] GET /api/menu?locationSlug=the-commons-dining-hall-south-campus&periodSlug=breakfast&date=2026-04-18 | User: anon
[2026-04-18T11:00:07.969Z] GET /api/menu/status?locationSlug=the-commons-dining-hall-south-campus&periodSlug=breakfast&date=2026-04-18 | User: anon
[2026-04-18T11:00:22.974Z] GET /api/menu?locationSlug=the-commons-dining-hall-south-campus&periodSlug=brunch&date=2026-04-18 | User: anon
[2026-04-18T11:00:30.985Z] GET /api/menu/status?locationSlug=the-commons-dining-hall-south-campus&periodSlug=brunch&date=2026-04-18 | User: anon
[2026-04-18T11:00:45.994Z] GET /api/menu?locationSlug=the-commons-dining-hall-south-campus&periodSlug=lunch&date=2026-04-18 | User: anon
[2026-04-18T11:00:54.014Z] GET /api/menu/status?locationSlug=the-commons-dining-hall-south-campus&periodSlug=lunch&date=2026-04-18 | User: anon
[2026-04-18T11:01:09.020Z] GET /api/menu?locationSlug=the-commons-dining-hall-south-campus&periodSlug=dinner&date=2026-04-18 | User: anon
[2026-04-18T11:01:17.030Z] GET /api/menu/status?locationSlug=the-commons-dining-hall-south-campus&periodSlug=dinner&date=2026-04-18 | User: anon
[2026-04-18T11:01:32.038Z] GET /api/menu?locationSlug=sbisa-dining-hall-north-campus&periodSlug=breakfast&date=2026-04-18 | User: anon
[2026-04-18T11:01:40.052Z] GET /api/menu/status?locationSlug=sbisa-dining-hall-north-campus&periodSlug=breakfast&date=2026-04-18 | User: anon
[2026-04-18T11:01:48.059Z] GET /api/menu/status?locationSlug=sbisa-dining-hall-north-campus&periodSlug=breakfast&date=2026-04-18 | User: anon
[2026-04-18T11:02:03.063Z] GET /api/menu?locationSlug=sbisa-dining-hall-north-campus&periodSlug=brunch&date=2026-04-18 | User: anon
[2026-04-18T11:02:11.072Z] GET /api/menu/status?locationSlug=sbisa-dining-hall-north-campus&periodSlug=brunch&date=2026-04-18 | User: anon
[2026-04-18T11:02:26.078Z] GET /api/menu?locationSlug=sbisa-dining-hall-north-campus&periodSlug=lunch&date=2026-04-18 | User: anon
[2026-04-18T11:02:34.092Z] GET /api/menu/status?locationSlug=sbisa-dining-hall-north-campus&periodSlug=lunch&date=2026-04-18 | User: anon
[2026-04-18T11:02:49.106Z] GET /api/menu?locationSlug=sbisa-dining-hall-north-campus&periodSlug=dinner&date=2026-04-18 | User: anon
[2026-04-18T11:02:57.120Z] GET /api/menu/status?locationSlug=sbisa-dining-hall-north-campus&periodSlug=dinner&date=2026-04-18 | User: anon
[2026-04-18T11:03:12.128Z] GET /api/menu?locationSlug=duncan-dining-hall-south-campus-quad&periodSlug=breakfast&date=2026-04-18 | User: anon
[2026-04-18T11:03:20.140Z] GET /api/menu/status?locationSlug=duncan-dining-hall-south-campus-quad&periodSlug=breakfast&date=2026-04-18 | User: anon
[2026-04-18T11:03:28.150Z] GET /api/menu/status?locationSlug=duncan-dining-hall-south-campus-quad&periodSlug=breakfast&date=2026-04-18 | User: anon
[2026-04-18T11:03:36.160Z] GET /api/menu/status?locationSlug=duncan-dining-hall-south-campus-quad&periodSlug=breakfast&date=2026-04-18 | User: anon
[2026-04-18T11:03:44.168Z] GET /api/menu/status?locationSlug=duncan-dining-hall-south-campus-quad&periodSlug=breakfast&date=2026-04-18 | User: anon
[2026-04-18T11:03:52.177Z] GET /api/menu/status?locationSlug=duncan-dining-hall-south-campus-quad&periodSlug=breakfast&date=2026-04-18 | User: anon
[2026-04-18T11:04:07.199Z] GET /api/menu?locationSlug=duncan-dining-hall-south-campus-quad&periodSlug=brunch&date=2026-04-18 | User: anon
[2026-04-18T11:04:15.208Z] GET /api/menu/status?locationSlug=duncan-dining-hall-south-campus-quad&periodSlug=brunch&date=2026-04-18 | User: anon
[2026-04-18T11:04:23.214Z] GET /api/menu/status?locationSlug=duncan-dining-hall-south-campus-quad&periodSlug=brunch&date=2026-04-18 | User: anon
[2026-04-18T11:04:31.223Z] GET /api/menu/status?locationSlug=duncan-dining-hall-south-campus-quad&periodSlug=brunch&date=2026-04-18 | User: anon
[2026-04-18T11:04:39.229Z] GET /api/menu/status?locationSlug=duncan-dining-hall-south-campus-quad&periodSlug=brunch&date=2026-04-18 | User: anon
[2026-04-18T11:04:47.235Z] GET /api/menu/status?locationSlug=duncan-dining-hall-south-campus-quad&periodSlug=brunch&date=2026-04-18 | User: anon
[2026-04-18T11:05:02.243Z] GET /api/menu?locationSlug=duncan-dining-hall-south-campus-quad&periodSlug=lunch&date=2026-04-18 | User: anon
[2026-04-18T11:05:10.253Z] GET /api/menu/status?locationSlug=duncan-dining-hall-south-campus-quad&periodSlug=lunch&date=2026-04-18 | User: anon
[2026-04-18T11:05:18.259Z] GET /api/menu/status?locationSlug=duncan-dining-hall-south-campus-quad&periodSlug=lunch&date=2026-04-18 | User: anon
[2026-04-18T11:05:26.273Z] GET /api/menu/status?locationSlug=duncan-dining-hall-south-campus-quad&periodSlug=lunch&date=2026-04-18 | User: anon
[2026-04-18T11:05:34.279Z] GET /api/menu/status?locationSlug=duncan-dining-hall-south-campus-quad&periodSlug=lunch&date=2026-04-18 | User: anon
[2026-04-18T11:05:42.287Z] GET /api/menu/status?locationSlug=duncan-dining-hall-south-campus-quad&periodSlug=lunch&date=2026-04-18 | User: anon
[2026-04-18T11:05:57.295Z] GET /api/menu?locationSlug=duncan-dining-hall-south-campus-quad&periodSlug=dinner&date=2026-04-18 | User: anon
[2026-04-18T11:06:05.303Z] GET /api/menu/status?locationSlug=duncan-dining-hall-south-campus-quad&periodSlug=dinner&date=2026-04-18 | User: anon
[2026-04-18T11:06:13.314Z] GET /api/menu/status?locationSlug=duncan-dining-hall-south-campus-quad&periodSlug=dinner&date=2026-04-18 | User: anon
[2026-04-18T11:06:21.322Z] GET /api/menu/status?locationSlug=duncan-dining-hall-south-campus-quad&periodSlug=dinner&date=2026-04-18 | User: anon
[2026-04-18T11:06:29.327Z] GET /api/menu/status?locationSlug=duncan-dining-hall-south-campus-quad&periodSlug=dinner&date=2026-04-18 | User: anon
[2026-04-18T11:06:37.336Z] GET /api/menu/status?locationSlug=duncan-dining-hall-south-campus-quad&periodSlug=dinner&date=2026-04-18 | User: anon
[2026-04-19T10:59:59.977Z] GET /api/menu?locationSlug=the-commons-dining-hall-south-campus&periodSlug=breakfast&date=2026-04-19 | User: anon
[2026-04-19T11:00:08.453Z] GET /api/menu/status?locationSlug=the-commons-dining-hall-south-campus&periodSlug=breakfast&date=2026-04-19 | User: anon
[2026-04-19T11:00:16.477Z] GET /api/menu/status?locationSlug=the-commons-dining-hall-south-campus&periodSlug=breakfast&date=2026-04-19 | User: anon
[2026-04-19T11:00:31.486Z] GET /api/menu?locationSlug=the-commons-dining-hall-south-campus&periodSlug=brunch&date=2026-04-19 | User: anon
[2026-04-19T11:00:39.496Z] GET /api/menu/status?locationSlug=the-commons-dining-hall-south-campus&periodSlug=brunch&date=2026-04-19 | User: anon
[2026-04-19T11:00:47.511Z] GET /api/menu/status?locationSlug=the-commons-dining-hall-south-campus&periodSlug=brunch&date=2026-04-19 | User: anon
[2026-04-19T11:01:02.517Z] GET /api/menu?locationSlug=the-commons-dining-hall-south-campus&periodSlug=lunch&date=2026-04-19 | User: anon
[2026-04-19T11:01:10.527Z] GET /api/menu/status?locationSlug=the-commons-dining-hall-south-campus&periodSlug=lunch&date=2026-04-19 | User: anon
[2026-04-19T11:01:18.540Z] GET /api/menu/status?locationSlug=the-commons-dining-hall-south-campus&periodSlug=lunch&date=2026-04-19 | User: anon
[2026-04-19T11:01:33.549Z] GET /api/menu?locationSlug=the-commons-dining-hall-south-campus&periodSlug=dinner&date=2026-04-19 | User: anon
[2026-04-19T11:01:41.558Z] GET /api/menu/status?locationSlug=the-commons-dining-hall-south-campus&periodSlug=dinner&date=2026-04-19 | User: anon
[2026-04-19T11:01:55.963Z] GET /api/menu/status?locationSlug=the-commons-dining-hall-south-campus&periodSlug=dinner&date=2026-04-19 | User: anon
[2026-04-19T11:02:11.097Z] GET /api/menu?locationSlug=sbisa-dining-hall-north-campus&periodSlug=breakfast&date=2026-04-19 | User: anon
[2026-04-19T11:02:19.125Z] GET /api/menu/status?locationSlug=sbisa-dining-hall-north-campus&periodSlug=breakfast&date=2026-04-19 | User: anon
[2026-04-19T11:02:27.132Z] GET /api/menu/status?locationSlug=sbisa-dining-hall-north-campus&periodSlug=breakfast&date=2026-04-19 | User: anon
[2026-04-19T11:02:42.139Z] GET /api/menu?locationSlug=sbisa-dining-hall-north-campus&periodSlug=brunch&date=2026-04-19 | User: anon
[2026-04-19T11:02:50.151Z] GET /api/menu/status?locationSlug=sbisa-dining-hall-north-campus&periodSlug=brunch&date=2026-04-19 | User: anon
[2026-04-19T11:02:58.157Z] GET /api/menu/status?locationSlug=sbisa-dining-hall-north-campus&periodSlug=brunch&date=2026-04-19 | User: anon
[2026-04-19T11:03:13.166Z] GET /api/menu?locationSlug=sbisa-dining-hall-north-campus&periodSlug=lunch&date=2026-04-19 | User: anon
[2026-04-19T11:03:21.179Z] GET /api/menu/status?locationSlug=sbisa-dining-hall-north-campus&periodSlug=lunch&date=2026-04-19 | User: anon
[2026-04-19T11:03:41.742Z] GET /api/menu?locationSlug=sbisa-dining-hall-north-campus&periodSlug=dinner&date=2026-04-19 | User: anon
[2026-04-19T11:03:49.753Z] GET /api/menu/status?locationSlug=sbisa-dining-hall-north-campus&periodSlug=dinner&date=2026-04-19 | User: anon
[2026-04-19T11:04:04.767Z] GET /api/menu?locationSlug=duncan-dining-hall-south-campus-quad&periodSlug=breakfast&date=2026-04-19 | User: anon
[2026-04-19T11:04:12.781Z] GET /api/menu/status?locationSlug=duncan-dining-hall-south-campus-quad&periodSlug=breakfast&date=2026-04-19 | User: anon
[2026-04-19T11:04:20.788Z] GET /api/menu/status?locationSlug=duncan-dining-hall-south-campus-quad&periodSlug=breakfast&date=2026-04-19 | User: anon
[2026-04-19T11:04:35.024Z] GET /api/menu/status?locationSlug=duncan-dining-hall-south-campus-quad&periodSlug=breakfast&date=2026-04-19 | User: anon
[2026-04-19T11:04:43.168Z] GET /api/menu/status?locationSlug=duncan-dining-hall-south-campus-quad&periodSlug=breakfast&date=2026-04-19 | User: anon
[2026-04-19T11:04:51.171Z] GET /api/menu/status?locationSlug=duncan-dining-hall-south-campus-quad&periodSlug=breakfast&date=2026-04-19 | User: anon
[2026-04-19T11:05:06.180Z] GET /api/menu?locationSlug=duncan-dining-hall-south-campus-quad&periodSlug=brunch&date=2026-04-19 | User: anon
[2026-04-19T11:05:14.195Z] GET /api/menu/status?locationSlug=duncan-dining-hall-south-campus-quad&periodSlug=brunch&date=2026-04-19 | User: anon
[2026-04-19T11:05:29.395Z] GET /api/menu/status?locationSlug=duncan-dining-hall-south-campus-quad&periodSlug=brunch&date=2026-04-19 | User: anon
[2026-04-19T11:05:37.514Z] GET /api/menu/status?locationSlug=duncan-dining-hall-south-campus-quad&periodSlug=brunch&date=2026-04-19 | User: anon
[2026-04-19T11:05:45.521Z] GET /api/menu/status?locationSlug=duncan-dining-hall-south-campus-quad&periodSlug=brunch&date=2026-04-19 | User: anon
[2026-04-19T11:06:00.529Z] GET /api/menu?locationSlug=duncan-dining-hall-south-campus-quad&periodSlug=lunch&date=2026-04-19 | User: anon
[2026-04-19T11:06:08.547Z] GET /api/menu/status?locationSlug=duncan-dining-hall-south-campus-quad&periodSlug=lunch&date=2026-04-19 | User: anon
[2026-04-19T11:06:23.145Z] GET /api/menu/status?locationSlug=duncan-dining-hall-south-campus-quad&periodSlug=lunch&date=2026-04-19 | User: anon
[2026-04-19T11:06:31.171Z] GET /api/menu/status?locationSlug=duncan-dining-hall-south-campus-quad&periodSlug=lunch&date=2026-04-19 | User: anon
[2026-04-19T11:06:39.177Z] GET /api/menu/status?locationSlug=duncan-dining-hall-south-campus-quad&periodSlug=lunch&date=2026-04-19 | User: anon
[2026-04-19T11:06:54.183Z] GET /api/menu?locationSlug=duncan-dining-hall-south-campus-quad&periodSlug=dinner&date=2026-04-19 | User: anon
[2026-04-19T11:07:02.196Z] GET /api/menu/status?locationSlug=duncan-dining-hall-south-campus-quad&periodSlug=dinner&date=2026-04-19 | User: anon
[2026-04-19T11:07:17.054Z] GET /api/menu/status?locationSlug=duncan-dining-hall-south-campus-quad&periodSlug=dinner&date=2026-04-19 | User: anon
[2026-04-19T11:07:25.159Z] GET /api/menu/status?locationSlug=duncan-dining-hall-south-campus-quad&periodSlug=dinner&date=2026-04-19 | User: anon
[2026-04-19T11:07:33.166Z] GET /api/menu/status?locationSlug=duncan-dining-hall-south-campus-quad&periodSlug=dinner&date=2026-04-19 | User: anon
[2026-04-20T10:59:59.978Z] GET /api/menu?locationSlug=the-commons-dining-hall-south-campus&periodSlug=breakfast&date=2026-04-20 | User: anon
[2026-04-20T11:00:08.089Z] GET /api/menu/status?locationSlug=the-commons-dining-hall-south-campus&periodSlug=breakfast&date=2026-04-20 | User: anon
[2026-04-20T11:00:16.093Z] GET /api/menu/status?locationSlug=the-commons-dining-hall-south-campus&periodSlug=breakfast&date=2026-04-20 | User: anon
[2026-04-20T11:00:31.102Z] GET /api/menu?locationSlug=the-commons-dining-hall-south-campus&periodSlug=brunch&date=2026-04-20 | User: anon
[2026-04-20T11:00:39.113Z] GET /api/menu/status?locationSlug=the-commons-dining-hall-south-campus&periodSlug=brunch&date=2026-04-20 | User: anon
[2026-04-20T11:00:47.119Z] GET /api/menu/status?locationSlug=the-commons-dining-hall-south-campus&periodSlug=brunch&date=2026-04-20 | User: anon
[2026-04-20T11:01:02.135Z] GET /api/menu?locationSlug=the-commons-dining-hall-south-campus&periodSlug=lunch&date=2026-04-20 | User: anon
[2026-04-20T11:01:10.145Z] GET /api/menu/status?locationSlug=the-commons-dining-hall-south-campus&periodSlug=lunch&date=2026-04-20 | User: anon
[2026-04-20T11:01:18.155Z] GET /api/menu/status?locationSlug=the-commons-dining-hall-south-campus&periodSlug=lunch&date=2026-04-20 | User: anon
[2026-04-20T11:01:33.162Z] GET /api/menu?locationSlug=the-commons-dining-hall-south-campus&periodSlug=dinner&date=2026-04-20 | User: anon
[2026-04-20T11:01:41.171Z] GET /api/menu/status?locationSlug=the-commons-dining-hall-south-campus&periodSlug=dinner&date=2026-04-20 | User: anon
[2026-04-20T11:01:49.179Z] GET /api/menu/status?locationSlug=the-commons-dining-hall-south-campus&periodSlug=dinner&date=2026-04-20 | User: anon
[2026-04-20T11:02:04.193Z] GET /api/menu?locationSlug=sbisa-dining-hall-north-campus&periodSlug=breakfast&date=2026-04-20 | User: anon
[2026-04-20T11:02:12.204Z] GET /api/menu/status?locationSlug=sbisa-dining-hall-north-campus&periodSlug=breakfast&date=2026-04-20 | User: anon
[2026-04-20T11:02:20.214Z] GET /api/menu/status?locationSlug=sbisa-dining-hall-north-campus&periodSlug=breakfast&date=2026-04-20 | User: anon
[2026-04-20T11:02:35.226Z] GET /api/menu?locationSlug=sbisa-dining-hall-north-campus&periodSlug=brunch&date=2026-04-20 | User: anon
[2026-04-20T11:02:43.244Z] GET /api/menu/status?locationSlug=sbisa-dining-hall-north-campus&periodSlug=brunch&date=2026-04-20 | User: anon
[2026-04-20T11:02:51.251Z] GET /api/menu/status?locationSlug=sbisa-dining-hall-north-campus&periodSlug=brunch&date=2026-04-20 | User: anon
[2026-04-20T11:03:06.266Z] GET /api/menu?locationSlug=sbisa-dining-hall-north-campus&periodSlug=lunch&date=2026-04-20 | User: anon
[2026-04-20T11:03:14.274Z] GET /api/menu/status?locationSlug=sbisa-dining-hall-north-campus&periodSlug=lunch&date=2026-04-20 | User: anon
[2026-04-20T11:03:29.280Z] GET /api/menu?locationSlug=sbisa-dining-hall-north-campus&periodSlug=dinner&date=2026-04-20 | User: anon
[2026-04-20T11:03:37.297Z] GET /api/menu/status?locationSlug=sbisa-dining-hall-north-campus&periodSlug=dinner&date=2026-04-20 | User: anon
[2026-04-20T11:03:45.309Z] GET /api/menu/status?locationSlug=sbisa-dining-hall-north-campus&periodSlug=dinner&date=2026-04-20 | User: anon
[2026-04-20T11:04:00.334Z] GET /api/menu?locationSlug=duncan-dining-hall-south-campus-quad&periodSlug=breakfast&date=2026-04-20 | User: anon
[2026-04-20T11:04:08.348Z] GET /api/menu/status?locationSlug=duncan-dining-hall-south-campus-quad&periodSlug=breakfast&date=2026-04-20 | User: anon
[2026-04-20T11:04:16.358Z] GET /api/menu/status?locationSlug=duncan-dining-hall-south-campus-quad&periodSlug=breakfast&date=2026-04-20 | User: anon
[2026-04-20T11:04:31.364Z] GET /api/menu?locationSlug=duncan-dining-hall-south-campus-quad&periodSlug=brunch&date=2026-04-20 | User: anon
[2026-04-20T11:04:39.375Z] GET /api/menu/status?locationSlug=duncan-dining-hall-south-campus-quad&periodSlug=brunch&date=2026-04-20 | User: anon
[2026-04-20T11:04:47.383Z] GET /api/menu/status?locationSlug=duncan-dining-hall-south-campus-quad&periodSlug=brunch&date=2026-04-20 | User: anon
[2026-04-20T11:05:02.398Z] GET /api/menu?locationSlug=duncan-dining-hall-south-campus-quad&periodSlug=lunch&date=2026-04-20 | User: anon
[2026-04-20T11:05:10.416Z] GET /api/menu/status?locationSlug=duncan-dining-hall-south-campus-quad&periodSlug=lunch&date=2026-04-20 | User: anon
[2026-04-20T11:05:18.425Z] GET /api/menu/status?locationSlug=duncan-dining-hall-south-campus-quad&periodSlug=lunch&date=2026-04-20 | User: anon
[2026-04-20T11:05:33.432Z] GET /api/menu?locationSlug=duncan-dining-hall-south-campus-quad&periodSlug=dinner&date=2026-04-20 | User: anon
[2026-04-20T11:05:41.442Z] GET /api/menu/status?locationSlug=duncan-dining-hall-south-campus-quad&periodSlug=dinner&date=2026-04-20 | User: anon
[2026-04-21T11:01:05.391Z] GET /api/menu?locationSlug=the-commons-dining-hall-south-campus&periodSlug=breakfast&date=2026-04-21 | User: anon
[2026-04-21T11:01:13.520Z] GET /api/menu/status?locationSlug=the-commons-dining-hall-south-campus&periodSlug=breakfast&date=2026-04-21 | User: anon
[2026-04-21T11:01:21.682Z] GET /api/menu/status?locationSlug=the-commons-dining-hall-south-campus&periodSlug=breakfast&date=2026-04-21 | User: anon
[2026-04-21T11:01:36.701Z] GET /api/menu?locationSlug=the-commons-dining-hall-south-campus&periodSlug=brunch&date=2026-04-21 | User: anon
[2026-04-21T11:01:44.715Z] GET /api/menu/status?locationSlug=the-commons-dining-hall-south-campus&periodSlug=brunch&date=2026-04-21 | User: anon
[2026-04-21T11:07:10.794Z] GET /api/menu?locationSlug=the-commons-dining-hall-south-campus&periodSlug=lunch&date=2026-04-21 | User: anon
[2026-04-21T11:07:18.824Z] GET /api/menu/status?locationSlug=the-commons-dining-hall-south-campus&periodSlug=lunch&date=2026-04-21 | User: anon
[2026-04-21T11:07:26.849Z] GET /api/menu/status?locationSlug=the-commons-dining-hall-south-campus&periodSlug=lunch&date=2026-04-21 | User: anon
[2026-04-21T11:07:41.854Z] GET /api/menu?locationSlug=the-commons-dining-hall-south-campus&periodSlug=dinner&date=2026-04-21 | User: anon
[2026-04-21T11:07:49.864Z] GET /api/menu/status?locationSlug=the-commons-dining-hall-south-campus&periodSlug=dinner&date=2026-04-21 | User: anon
[2026-04-21T11:12:54.592Z] GET /api/menu/status?locationSlug=the-commons-dining-hall-south-campus&periodSlug=dinner&date=2026-04-21 | User: anon
[2026-04-21T11:13:09.691Z] GET /api/menu?locationSlug=sbisa-dining-hall-north-campus&periodSlug=breakfast&date=2026-04-21 | User: anon
[2026-04-21T11:13:17.800Z] GET /api/menu/status?locationSlug=sbisa-dining-hall-north-campus&periodSlug=breakfast&date=2026-04-21 | User: anon
[2026-04-21T11:13:25.808Z] GET /api/menu/status?locationSlug=sbisa-dining-hall-north-campus&periodSlug=breakfast&date=2026-04-21 | User: anon
[2026-04-21T11:19:19.889Z] GET /api/menu?locationSlug=sbisa-dining-hall-north-campus&periodSlug=brunch&date=2026-04-21 | User: anon
[2026-04-21T11:19:27.955Z] GET /api/menu/status?locationSlug=sbisa-dining-hall-north-campus&periodSlug=brunch&date=2026-04-21 | User: anon
[2026-04-21T11:19:35.965Z] GET /api/menu/status?locationSlug=sbisa-dining-hall-north-campus&periodSlug=brunch&date=2026-04-21 | User: anon
[2026-04-21T11:19:50.974Z] GET /api/menu?locationSlug=sbisa-dining-hall-north-campus&periodSlug=lunch&date=2026-04-21 | User: anon
[2026-04-21T11:19:58.988Z] GET /api/menu/status?locationSlug=sbisa-dining-hall-north-campus&periodSlug=lunch&date=2026-04-21 | User: anon
[2026-04-21T11:25:51.199Z] GET /api/menu?locationSlug=sbisa-dining-hall-north-campus&periodSlug=dinner&date=2026-04-21 | User: anon
[2026-04-21T11:25:59.209Z] GET /api/menu/status?locationSlug=sbisa-dining-hall-north-campus&periodSlug=dinner&date=2026-04-21 | User: anon
[2026-04-21T11:26:07.222Z] GET /api/menu/status?locationSlug=sbisa-dining-hall-north-campus&periodSlug=dinner&date=2026-04-21 | User: anon
[2026-04-21T11:26:22.229Z] GET /api/menu?locationSlug=duncan-dining-hall-south-campus-quad&periodSlug=breakfast&date=2026-04-21 | User: anon
[2026-04-21T11:26:30.243Z] GET /api/menu/status?locationSlug=duncan-dining-hall-south-campus-quad&periodSlug=breakfast&date=2026-04-21 | User: anon
[2026-04-21T11:34:38.362Z] GET /api/menu?locationSlug=duncan-dining-hall-south-campus-quad&periodSlug=brunch&date=2026-04-21 | User: anon
[2026-04-21T11:34:46.392Z] GET /api/menu/status?locationSlug=duncan-dining-hall-south-campus-quad&periodSlug=brunch&date=2026-04-21 | User: anon
[2026-04-21T11:34:54.401Z] GET /api/menu/status?locationSlug=duncan-dining-hall-south-campus-quad&periodSlug=brunch&date=2026-04-21 | User: anon
[2026-04-21T11:35:09.411Z] GET /api/menu?locationSlug=duncan-dining-hall-south-campus-quad&periodSlug=lunch&date=2026-04-21 | User: anon
[2026-04-21T11:35:17.429Z] GET /api/menu/status?locationSlug=duncan-dining-hall-south-campus-quad&periodSlug=lunch&date=2026-04-21 | User: anon
[2026-04-21T11:41:13.563Z] GET /api/menu?locationSlug=duncan-dining-hall-south-campus-quad&periodSlug=dinner&date=2026-04-21 | User: anon
[2026-04-21T11:41:22.143Z] GET /api/menu/status?locationSlug=duncan-dining-hall-south-campus-quad&periodSlug=dinner&date=2026-04-21 | User: anon
[2026-04-21T11:41:30.306Z] GET /api/menu/status?locationSlug=duncan-dining-hall-south-campus-quad&periodSlug=dinner&date=2026-04-21 | User: anon
[2026-04-22T18:57:53.543Z] GET /api/menu?locationSlug=the-commons-dining-hall-south-campus&periodSlug=breakfast&date=2026-04-22 | User: anon
[2026-04-22T18:58:03.026Z] GET /api/menu/status?locationSlug=the-commons-dining-hall-south-campus&periodSlug=breakfast&date=2026-04-22 | User: anon
[2026-04-22T18:58:23.949Z] GET /api/menu/status?locationSlug=the-commons-dining-hall-south-campus&periodSlug=breakfast&date=2026-04-22 | User: anon
[2026-04-22T18:58:39.429Z] GET /api/menu/status?locationSlug=the-commons-dining-hall-south-campus&periodSlug=breakfast&date=2026-04-22 | User: anon
[2026-04-22T18:58:58.088Z] GET /api/menu?locationSlug=the-commons-dining-hall-south-campus&periodSlug=brunch&date=2026-04-22 | User: anon
[2026-04-22T18:59:23.822Z] GET /api/menu/status?locationSlug=the-commons-dining-hall-south-campus&periodSlug=brunch&date=2026-04-22 | User: anon
[2026-04-22T18:59:31.978Z] GET /api/menu/status?locationSlug=the-commons-dining-hall-south-campus&periodSlug=brunch&date=2026-04-22 | User: anon
[2026-04-22T18:59:39.983Z] GET /api/menu/status?locationSlug=the-commons-dining-hall-south-campus&periodSlug=brunch&date=2026-04-22 | User: anon
[2026-04-22T19:00:00.854Z] GET /api/menu/status?locationSlug=the-commons-dining-hall-south-campus&periodSlug=brunch&date=2026-04-22 | User: anon
[2026-04-22T19:00:09.821Z] GET /api/menu/status?locationSlug=the-commons-dining-hall-south-campus&periodSlug=brunch&date=2026-04-22 | User: anon
[2026-04-22T19:00:17.861Z] GET /api/menu/status?locationSlug=the-commons-dining-hall-south-campus&periodSlug=brunch&date=2026-04-22 | User: anon
[2026-04-22T19:00:32.944Z] GET /api/menu?locationSlug=the-commons-dining-hall-south-campus&periodSlug=lunch&date=2026-04-22 | User: anon
[2026-04-22T19:00:41.073Z] GET /api/menu/status?locationSlug=the-commons-dining-hall-south-campus&periodSlug=lunch&date=2026-04-22 | User: anon
[2026-04-22T19:00:49.388Z] GET /api/menu/status?locationSlug=the-commons-dining-hall-south-campus&periodSlug=lunch&date=2026-04-22 | User: anon
[2026-04-22T19:00:57.404Z] GET /api/menu/status?locationSlug=the-commons-dining-hall-south-campus&periodSlug=lunch&date=2026-04-22 | User: anon
[2026-04-22T19:01:12.421Z] GET /api/menu?locationSlug=the-commons-dining-hall-south-campus&periodSlug=dinner&date=2026-04-22 | User: anon
[2026-04-22T19:01:20.434Z] GET /api/menu/status?locationSlug=the-commons-dining-hall-south-campus&periodSlug=dinner&date=2026-04-22 | User: anon
[2026-04-22T19:01:28.455Z] GET /api/menu/status?locationSlug=the-commons-dining-hall-south-campus&periodSlug=dinner&date=2026-04-22 | User: anon
[2026-04-22T19:01:43.463Z] GET /api/menu?locationSlug=sbisa-dining-hall-north-campus&periodSlug=breakfast&date=2026-04-22 | User: anon
[2026-04-22T19:01:51.475Z] GET /api/menu/status?locationSlug=sbisa-dining-hall-north-campus&periodSlug=breakfast&date=2026-04-22 | User: anon
[2026-04-22T19:01:59.482Z] GET /api/menu/status?locationSlug=sbisa-dining-hall-north-campus&periodSlug=breakfast&date=2026-04-22 | User: anon
[2026-04-22T19:02:14.508Z] GET /api/menu?locationSlug=sbisa-dining-hall-north-campus&periodSlug=brunch&date=2026-04-22 | User: anon
[2026-04-22T19:02:22.522Z] GET /api/menu/status?locationSlug=sbisa-dining-hall-north-campus&periodSlug=brunch&date=2026-04-22 | User: anon
[2026-04-22T19:02:37.532Z] GET /api/menu?locationSlug=sbisa-dining-hall-north-campus&periodSlug=lunch&date=2026-04-22 | User: anon
[2026-04-22T19:02:45.543Z] GET /api/menu/status?locationSlug=sbisa-dining-hall-north-campus&periodSlug=lunch&date=2026-04-22 | User: anon
[2026-04-22T19:03:00.551Z] GET /api/menu?locationSlug=sbisa-dining-hall-north-campus&periodSlug=dinner&date=2026-04-22 | User: anon
[2026-04-22T19:03:08.560Z] GET /api/menu/status?locationSlug=sbisa-dining-hall-north-campus&periodSlug=dinner&date=2026-04-22 | User: anon
[2026-04-22T19:03:23.567Z] GET /api/menu?locationSlug=duncan-dining-hall-south-campus-quad&periodSlug=breakfast&date=2026-04-22 | User: anon
[2026-04-22T19:03:31.575Z] GET /api/menu/status?locationSlug=duncan-dining-hall-south-campus-quad&periodSlug=breakfast&date=2026-04-22 | User: anon
[2026-04-22T19:03:46.586Z] GET /api/menu?locationSlug=duncan-dining-hall-south-campus-quad&periodSlug=brunch&date=2026-04-22 | User: anon
[2026-04-22T19:03:54.594Z] GET /api/menu/status?locationSlug=duncan-dining-hall-south-campus-quad&periodSlug=brunch&date=2026-04-22 | User: anon
[2026-04-22T19:04:09.598Z] GET /api/menu?locationSlug=duncan-dining-hall-south-campus-quad&periodSlug=lunch&date=2026-04-22 | User: anon
[2026-04-22T19:04:17.606Z] GET /api/menu/status?locationSlug=duncan-dining-hall-south-campus-quad&periodSlug=lunch&date=2026-04-22 | User: anon
[2026-04-22T19:04:32.611Z] GET /api/menu?locationSlug=duncan-dining-hall-south-campus-quad&periodSlug=dinner&date=2026-04-22 | User: anon
[2026-04-22T19:04:40.623Z] GET /api/menu/status?locationSlug=duncan-dining-hall-south-campus-quad&periodSlug=dinner&date=2026-04-22 | User: anon
[2026-04-23T11:00:00.258Z] GET /api/menu?locationSlug=the-commons-dining-hall-south-campus&periodSlug=breakfast&date=2026-04-23 | User: anon
[2026-04-23T11:00:08.329Z] GET /api/menu/status?locationSlug=the-commons-dining-hall-south-campus&periodSlug=breakfast&date=2026-04-23 | User: anon
[2026-04-23T11:00:16.345Z] GET /api/menu/status?locationSlug=the-commons-dining-hall-south-campus&periodSlug=breakfast&date=2026-04-23 | User: anon
[2026-04-23T11:00:31.357Z] GET /api/menu?locationSlug=the-commons-dining-hall-south-campus&periodSlug=brunch&date=2026-04-23 | User: anon
[2026-04-23T11:00:39.366Z] GET /api/menu/status?locationSlug=the-commons-dining-hall-south-campus&periodSlug=brunch&date=2026-04-23 | User: anon
[2026-04-23T11:00:47.378Z] GET /api/menu/status?locationSlug=the-commons-dining-hall-south-campus&periodSlug=brunch&date=2026-04-23 | User: anon
[2026-04-23T11:01:02.405Z] GET /api/menu?locationSlug=the-commons-dining-hall-south-campus&periodSlug=lunch&date=2026-04-23 | User: anon
[2026-04-23T11:01:10.414Z] GET /api/menu/status?locationSlug=the-commons-dining-hall-south-campus&periodSlug=lunch&date=2026-04-23 | User: anon
[2026-04-23T11:01:25.421Z] GET /api/menu?locationSlug=the-commons-dining-hall-south-campus&periodSlug=dinner&date=2026-04-23 | User: anon
[2026-04-23T11:01:33.440Z] GET /api/menu/status?locationSlug=the-commons-dining-hall-south-campus&periodSlug=dinner&date=2026-04-23 | User: anon
[2026-04-23T11:01:41.447Z] GET /api/menu/status?locationSlug=the-commons-dining-hall-south-campus&periodSlug=dinner&date=2026-04-23 | User: anon
[2026-04-23T11:01:56.456Z] GET /api/menu?locationSlug=sbisa-dining-hall-north-campus&periodSlug=breakfast&date=2026-04-23 | User: anon
[2026-04-23T11:02:04.467Z] GET /api/menu/status?locationSlug=sbisa-dining-hall-north-campus&periodSlug=breakfast&date=2026-04-23 | User: anon
[2026-04-23T11:02:19.479Z] GET /api/menu?locationSlug=sbisa-dining-hall-north-campus&periodSlug=brunch&date=2026-04-23 | User: anon
[2026-04-23T11:02:27.494Z] GET /api/menu/status?locationSlug=sbisa-dining-hall-north-campus&periodSlug=brunch&date=2026-04-23 | User: anon
[2026-04-23T11:02:42.503Z] GET /api/menu?locationSlug=sbisa-dining-hall-north-campus&periodSlug=lunch&date=2026-04-23 | User: anon
[2026-04-23T11:02:50.518Z] GET /api/menu/status?locationSlug=sbisa-dining-hall-north-campus&periodSlug=lunch&date=2026-04-23 | User: anon
[2026-04-23T11:03:05.536Z] GET /api/menu?locationSlug=sbisa-dining-hall-north-campus&periodSlug=dinner&date=2026-04-23 | User: anon
[2026-04-23T11:03:13.553Z] GET /api/menu/status?locationSlug=sbisa-dining-hall-north-campus&periodSlug=dinner&date=2026-04-23 | User: anon
[2026-04-23T11:03:21.562Z] GET /api/menu/status?locationSlug=sbisa-dining-hall-north-campus&periodSlug=dinner&date=2026-04-23 | User: anon
[2026-04-23T11:03:36.569Z] GET /api/menu?locationSlug=duncan-dining-hall-south-campus-quad&periodSlug=breakfast&date=2026-04-23 | User: anon
[2026-04-23T11:03:44.583Z] GET /api/menu/status?locationSlug=duncan-dining-hall-south-campus-quad&periodSlug=breakfast&date=2026-04-23 | User: anon
[2026-04-23T11:03:59.595Z] GET /api/menu?locationSlug=duncan-dining-hall-south-campus-quad&periodSlug=brunch&date=2026-04-23 | User: anon
[2026-04-23T11:04:07.677Z] GET /api/menu/status?locationSlug=duncan-dining-hall-south-campus-quad&periodSlug=brunch&date=2026-04-23 | User: anon
[2026-04-23T11:04:15.698Z] GET /api/menu/status?locationSlug=duncan-dining-hall-south-campus-quad&periodSlug=brunch&date=2026-04-23 | User: anon
[2026-04-23T11:04:30.707Z] GET /api/menu?locationSlug=duncan-dining-hall-south-campus-quad&periodSlug=lunch&date=2026-04-23 | User: anon
[2026-04-23T11:04:38.730Z] GET /api/menu/status?locationSlug=duncan-dining-hall-south-campus-quad&periodSlug=lunch&date=2026-04-23 | User: anon
[2026-04-23T11:04:46.739Z] GET /api/menu/status?locationSlug=duncan-dining-hall-south-campus-quad&periodSlug=lunch&date=2026-04-23 | User: anon
[2026-04-23T11:05:01.759Z] GET /api/menu?locationSlug=duncan-dining-hall-south-campus-quad&periodSlug=dinner&date=2026-04-23 | User: anon
[2026-04-23T11:05:09.771Z] GET /api/menu/status?locationSlug=duncan-dining-hall-south-campus-quad&periodSlug=dinner&date=2026-04-23 | User: anon
[2026-04-24T10:59:59.943Z] GET /api/menu?locationSlug=the-commons-dining-hall-south-campus&periodSlug=breakfast&date=2026-04-24 | User: anon
[2026-04-24T11:00:07.991Z] GET /api/menu/status?locationSlug=the-commons-dining-hall-south-campus&periodSlug=breakfast&date=2026-04-24 | User: anon
[2026-04-24T11:00:23.001Z] GET /api/menu?locationSlug=the-commons-dining-hall-south-campus&periodSlug=brunch&date=2026-04-24 | User: anon
[2026-04-24T11:00:31.018Z] GET /api/menu/status?locationSlug=the-commons-dining-hall-south-campus&periodSlug=brunch&date=2026-04-24 | User: anon
[2026-04-24T11:00:39.026Z] GET /api/menu/status?locationSlug=the-commons-dining-hall-south-campus&periodSlug=brunch&date=2026-04-24 | User: anon
[2026-04-24T11:00:54.042Z] GET /api/menu?locationSlug=the-commons-dining-hall-south-campus&periodSlug=lunch&date=2026-04-24 | User: anon
[2026-04-24T11:01:02.050Z] GET /api/menu/status?locationSlug=the-commons-dining-hall-south-campus&periodSlug=lunch&date=2026-04-24 | User: anon
[2026-04-24T11:01:10.058Z] GET /api/menu/status?locationSlug=the-commons-dining-hall-south-campus&periodSlug=lunch&date=2026-04-24 | User: anon
[2026-04-24T11:01:25.068Z] GET /api/menu?locationSlug=the-commons-dining-hall-south-campus&periodSlug=dinner&date=2026-04-24 | User: anon
[2026-04-24T11:01:33.084Z] GET /api/menu/status?locationSlug=the-commons-dining-hall-south-campus&periodSlug=dinner&date=2026-04-24 | User: anon
[2026-04-24T11:01:41.095Z] GET /api/menu/status?locationSlug=the-commons-dining-hall-south-campus&periodSlug=dinner&date=2026-04-24 | User: anon
[2026-04-24T11:01:56.103Z] GET /api/menu?locationSlug=sbisa-dining-hall-north-campus&periodSlug=breakfast&date=2026-04-24 | User: anon
[2026-04-24T11:02:04.114Z] GET /api/menu/status?locationSlug=sbisa-dining-hall-north-campus&periodSlug=breakfast&date=2026-04-24 | User: anon
[2026-04-24T11:02:19.122Z] GET /api/menu?locationSlug=sbisa-dining-hall-north-campus&periodSlug=brunch&date=2026-04-24 | User: anon
[2026-04-24T11:02:27.134Z] GET /api/menu/status?locationSlug=sbisa-dining-hall-north-campus&periodSlug=brunch&date=2026-04-24 | User: anon
[2026-04-24T11:02:42.142Z] GET /api/menu?locationSlug=sbisa-dining-hall-north-campus&periodSlug=lunch&date=2026-04-24 | User: anon
[2026-04-24T11:02:50.156Z] GET /api/menu/status?locationSlug=sbisa-dining-hall-north-campus&periodSlug=lunch&date=2026-04-24 | User: anon
[2026-04-24T11:03:05.170Z] GET /api/menu?locationSlug=sbisa-dining-hall-north-campus&periodSlug=dinner&date=2026-04-24 | User: anon
[2026-04-24T11:03:13.184Z] GET /api/menu/status?locationSlug=sbisa-dining-hall-north-campus&periodSlug=dinner&date=2026-04-24 | User: anon
[2026-04-24T11:03:21.191Z] GET /api/menu/status?locationSlug=sbisa-dining-hall-north-campus&periodSlug=dinner&date=2026-04-24 | User: anon
[2026-04-24T11:03:36.196Z] GET /api/menu?locationSlug=duncan-dining-hall-south-campus-quad&periodSlug=breakfast&date=2026-04-24 | User: anon
[2026-04-24T11:03:44.207Z] GET /api/menu/status?locationSlug=duncan-dining-hall-south-campus-quad&periodSlug=breakfast&date=2026-04-24 | User: anon
[2026-04-24T11:03:59.216Z] GET /api/menu?locationSlug=duncan-dining-hall-south-campus-quad&periodSlug=brunch&date=2026-04-24 | User: anon
[2026-04-24T11:04:07.233Z] GET /api/menu/status?locationSlug=duncan-dining-hall-south-campus-quad&periodSlug=brunch&date=2026-04-24 | User: anon
[2026-04-24T11:04:22.243Z] GET /api/menu?locationSlug=duncan-dining-hall-south-campus-quad&periodSlug=lunch&date=2026-04-24 | User: anon
[2026-04-24T11:04:30.256Z] GET /api/menu/status?locationSlug=duncan-dining-hall-south-campus-quad&periodSlug=lunch&date=2026-04-24 | User: anon
[2026-04-24T11:04:45.266Z] GET /api/menu?locationSlug=duncan-dining-hall-south-campus-quad&periodSlug=dinner&date=2026-04-24 | User: anon
[2026-04-24T11:04:53.276Z] GET /api/menu/status?locationSlug=duncan-dining-hall-south-campus-quad&periodSlug=dinner&date=2026-04-24 | User: anon
[2026-04-24T21:59:40.720Z] GET /api/auth/me | User: anon
[2026-04-24T21:59:41.023Z] GET /api/auth/config | User: anon
[2026-04-24T21:59:41.121Z] GET /favicon.ico | User: anon
[2026-04-24T21:59:46.466Z] POST /api/auth/google | User: anon
[2026-04-24T22:05:51.801Z] GET /api/auth/config | User: anon
[2026-04-24T22:05:52.224Z] GET /favicon.ico | User: anon
[2026-04-24T22:05:57.772Z] POST /api/auth/google | User: anon
[2026-04-24T22:06:18.391Z] GET /api/user/logs?date=2026-04-24 | User: anon
[2026-04-24T22:06:18.393Z] GET /api/user/calorie-debt | User: anon
[2026-04-24T22:06:18.418Z] GET /api/user/saved-scenarios | User: anon
[2026-04-24T22:06:18.422Z] GET /api/user/logs-range?start=2026-03-26&end=2026-04-24 | User: anon
[2026-04-24T22:06:18.424Z] GET /api/user/logs-range?start=2026-01-24&end=2026-04-24 | User: anon
[2026-04-24T22:06:18.436Z] GET /api/user/logs-range?start=2026-04-18&end=2026-04-24 | User: anon
[2026-04-24T22:06:18.437Z] GET /api/user/logs-range?start=2026-04-10&end=2026-04-24 | User: anon
[2026-04-24T22:06:18.438Z] GET /api/user/calorie-debt | User: anon
[2026-04-24T22:06:18.439Z] GET /api/user/logs-range?start=2026-04-11&end=2026-04-24 | User: anon
[2026-04-24T22:06:18.440Z] GET /api/user/logs-range?start=2026-03-28&end=2026-04-24 | User: anon
[2026-04-24T22:06:18.441Z] GET /api/user/shortcuts | User: anon
[2026-04-24T22:06:18.442Z] GET /api/user/logs-range?start=2026-03-27&end=2026-04-24 | User: anon
[2026-04-24T22:07:12.419Z] GET /api/user/logs?date=2026-04-22 | User: anon
[2026-04-24T22:07:12.426Z] GET /api/user/saved-scenarios | User: anon
[2026-04-24T22:07:12.429Z] GET /api/user/logs-range?start=2026-03-24&end=2026-04-22 | User: anon
[2026-04-24T22:07:12.433Z] GET /api/user/logs-range?start=2026-01-22&end=2026-04-22 | User: anon
[2026-04-24T22:07:12.437Z] GET /api/user/logs-range?start=2026-03-25&end=2026-04-22 | User: anon
[2026-04-24T22:07:12.439Z] GET /api/user/logs-range?start=2026-04-18&end=2026-04-24 | User: anon
[2026-04-24T22:07:12.440Z] GET /api/user/shortcuts | User: anon
[2026-04-24T22:07:12.441Z] GET /api/user/logs-range?start=2026-04-10&end=2026-04-24 | User: anon
[2026-04-24T22:07:12.442Z] GET /api/user/logs-range?start=2026-03-28&end=2026-04-24 | User: anon
[2026-04-24T22:07:12.443Z] GET /api/user/calorie-debt | User: anon
[2026-04-24T22:07:16.799Z] GET /api/user/logs?date=2026-04-24 | User: anon
[2026-04-24T22:07:16.802Z] GET /api/user/saved-scenarios | User: anon
[2026-04-24T22:07:16.805Z] GET /api/user/logs-range?start=2026-03-26&end=2026-04-24 | User: anon
[2026-04-24T22:07:16.808Z] GET /api/user/logs-range?start=2026-01-24&end=2026-04-24 | User: anon
[2026-04-24T22:07:16.810Z] GET /api/user/shortcuts | User: anon
[2026-04-24T22:07:16.811Z] GET /api/user/logs-range?start=2026-04-18&end=2026-04-24 | User: anon
[2026-04-24T22:07:16.812Z] GET /api/user/logs-range?start=2026-04-10&end=2026-04-24 | User: anon
[2026-04-24T22:07:16.813Z] GET /api/user/calorie-debt | User: anon
[2026-04-24T22:07:16.813Z] GET /api/user/logs-range?start=2026-03-28&end=2026-04-24 | User: anon
[2026-04-24T22:07:16.815Z] GET /api/user/logs-range?start=2026-03-27&end=2026-04-24 | User: anon
[2026-04-24T22:07:44.250Z] GET /api/locations | User: anon
[2026-04-24T22:07:44.255Z] GET /api/menu?locationSlug=the-commons-dining-hall-south-campus&periodSlug=dinner&date=2026-04-24 | User: anon
[2026-04-24T22:07:44.261Z] GET /api/locations/the-commons-dining-hall-south-campus/wait-time | User: anon
[2026-04-24T22:07:51.919Z] POST /api/user/logs | User: anon
[2026-04-24T22:07:51.939Z] POST /api/user/logs | User: anon
[2026-04-24T22:07:51.943Z] GET /api/user/logs-range?start=2026-04-10&end=2026-04-24 | User: anon
[2026-04-24T22:07:51.944Z] GET /api/user/calorie-debt | User: anon
[2026-04-24T22:07:51.945Z] GET /api/user/logs?date=2026-04-24 | User: anon
[2026-04-24T22:07:51.971Z] GET /api/user/saved-scenarios | User: anon
[2026-04-24T22:07:51.975Z] GET /api/user/logs-range?start=2026-03-26&end=2026-04-24 | User: anon
[2026-04-24T22:07:51.978Z] GET /api/user/logs-range?start=2026-01-24&end=2026-04-24 | User: anon
[2026-04-24T22:07:51.982Z] GET /api/user/logs-range?start=2026-04-10&end=2026-04-24 | User: anon
[2026-04-24T22:07:51.984Z] GET /api/user/calorie-debt | User: anon
[2026-04-24T22:07:51.985Z] GET /api/user/shortcuts | User: anon
[2026-04-24T22:07:51.986Z] GET /api/user/logs-range?start=2026-03-27&end=2026-04-24 | User: anon
[2026-04-24T22:07:51.986Z] GET /api/user/logs-range?start=2026-04-18&end=2026-04-24 | User: anon
[2026-04-24T22:07:51.987Z] GET /api/user/logs-range?start=2026-03-28&end=2026-04-24 | User: anon
[2026-04-24T22:09:21.041Z] GET /api/auth/me | User: anon
[2026-04-24T22:09:21.082Z] GET /api/user/logs?date=2026-04-24 | User: anon
[2026-04-24T22:09:21.084Z] GET /api/user/calorie-debt | User: anon
[2026-04-24T22:09:21.201Z] GET /api/user/saved-scenarios | User: anon
[2026-04-24T22:09:21.211Z] GET /api/user/logs-range?start=2026-03-26&end=2026-04-24 | User: anon
[2026-04-24T22:09:21.247Z] GET /api/user/logs-range?start=2026-01-24&end=2026-04-24 | User: anon
[2026-04-24T22:09:21.248Z] GET /api/user/calorie-debt | User: anon
[2026-04-24T22:09:21.249Z] GET /favicon.ico | User: anon
[2026-04-24T22:09:21.250Z] GET /api/user/logs-range?start=2026-03-28&end=2026-04-24 | User: anon
[2026-04-24T22:09:21.251Z] GET /api/user/logs-range?start=2026-04-11&end=2026-04-24 | User: anon
[2026-04-24T22:09:21.252Z] GET /api/user/logs-range?start=2026-04-18&end=2026-04-24 | User: anon
[2026-04-24T22:09:21.254Z] GET /api/user/shortcuts | User: anon
[2026-04-24T22:09:21.254Z] GET /api/user/logs-range?start=2026-03-27&end=2026-04-24 | User: anon
[2026-04-24T22:09:21.255Z] GET /api/user/logs-range?start=2026-04-10&end=2026-04-24 | User: anon
[2026-04-24T22:11:04.242Z] GET /api/auth/me | User: anon
[2026-04-24T22:11:04.292Z] GET /api/user/logs?date=2026-04-24 | User: anon
[2026-04-24T22:11:04.294Z] GET /api/user/calorie-debt | User: anon
[2026-04-24T22:11:04.375Z] GET /api/user/saved-scenarios | User: anon
[2026-04-24T22:11:04.418Z] GET /favicon.ico | User: anon
[2026-04-24T22:11:04.421Z] GET /api/user/logs-range?start=2026-03-26&end=2026-04-24 | User: anon
[2026-04-24T22:11:04.436Z] GET /api/user/logs-range?start=2026-01-24&end=2026-04-24 | User: anon
[2026-04-24T22:11:04.442Z] GET /api/user/calorie-debt | User: anon
[2026-04-24T22:11:04.443Z] GET /api/user/logs-range?start=2026-03-28&end=2026-04-24 | User: anon
[2026-04-24T22:11:04.446Z] GET /api/user/shortcuts | User: anon
[2026-04-24T22:11:04.446Z] GET /api/user/logs-range?start=2026-03-27&end=2026-04-24 | User: anon
[2026-04-24T22:11:04.447Z] GET /api/user/logs-range?start=2026-04-10&end=2026-04-24 | User: anon
[2026-04-24T22:11:04.448Z] GET /api/user/logs-range?start=2026-04-11&end=2026-04-24 | User: anon
[2026-04-24T22:11:04.449Z] GET /api/user/logs-range?start=2026-04-18&end=2026-04-24 | User: anon
[2026-04-24T22:13:38.316Z] GET /api/auth/me | User: anon
[2026-04-24T22:13:38.367Z] GET /api/user/calorie-debt | User: anon
[2026-04-24T22:13:38.370Z] GET /api/user/logs?date=2026-04-24 | User: anon
[2026-04-24T22:13:38.499Z] GET /api/user/saved-scenarios | User: anon
[2026-04-24T22:13:38.514Z] GET /favicon.ico | User: anon
[2026-04-24T22:13:38.522Z] GET /api/user/logs-range?start=2026-03-26&end=2026-04-24 | User: anon
[2026-04-24T22:13:38.545Z] GET /api/user/logs-range?start=2026-01-24&end=2026-04-24 | User: anon
[2026-04-24T22:13:38.546Z] GET /api/user/calorie-debt | User: anon
[2026-04-24T22:13:38.547Z] GET /api/user/logs-range?start=2026-04-11&end=2026-04-24 | User: anon
[2026-04-24T22:13:38.548Z] GET /api/user/logs-range?start=2026-04-10&end=2026-04-24 | User: anon
[2026-04-24T22:13:38.550Z] GET /api/user/logs-range?start=2026-03-27&end=2026-04-24 | User: anon
[2026-04-24T22:13:38.551Z] GET /api/user/shortcuts | User: anon
[2026-04-24T22:13:38.552Z] GET /api/user/logs-range?start=2026-03-28&end=2026-04-24 | User: anon
[2026-04-24T22:13:38.553Z] GET /api/user/logs-range?start=2026-04-18&end=2026-04-24 | User: anon
[2026-04-24T22:17:19.709Z] GET /api/auth/me | User: anon
[2026-04-24T22:17:19.753Z] GET /api/user/logs?date=2026-04-24 | User: anon
[2026-04-24T22:17:19.755Z] GET /api/user/calorie-debt | User: anon
[2026-04-24T22:17:19.874Z] GET /api/user/saved-scenarios | User: anon
[2026-04-24T22:17:19.888Z] GET /api/user/logs-range?start=2026-03-26&end=2026-04-24 | User: anon
[2026-04-24T22:17:19.895Z] GET /api/user/logs-range?start=2026-01-24&end=2026-04-24 | User: anon
[2026-04-24T22:17:19.896Z] GET /favicon.ico | User: anon
[2026-04-24T22:17:19.903Z] GET /api/user/calorie-debt | User: anon
[2026-04-24T22:17:19.905Z] GET /api/user/shortcuts | User: anon
[2026-04-24T22:17:19.907Z] GET /api/user/logs-range?start=2026-03-27&end=2026-04-24 | User: anon
[2026-04-24T22:17:19.908Z] GET /api/user/logs-range?start=2026-04-18&end=2026-04-24 | User: anon
[2026-04-24T22:17:19.909Z] GET /api/user/logs-range?start=2026-04-11&end=2026-04-24 | User: anon
[2026-04-24T22:17:19.911Z] GET /api/user/logs-range?start=2026-03-28&end=2026-04-24 | User: anon
[2026-04-24T22:17:19.911Z] GET /api/user/logs-range?start=2026-04-10&end=2026-04-24 | User: anon
[2026-04-24T22:17:26.420Z] GET /api/locations | User: anon
[2026-04-24T22:17:26.428Z] GET /api/menu?locationSlug=the-commons-dining-hall-south-campus&periodSlug=dinner&date=2026-04-24 | User: anon
[2026-04-24T22:17:26.443Z] GET /api/locations/the-commons-dining-hall-south-campus/wait-time | User: anon
[2026-04-24T22:17:27.688Z] GET /api/user/logs?date=2026-04-24 | User: anon
[2026-04-24T22:17:27.705Z] GET /api/user/saved-scenarios | User: anon
[2026-04-24T22:17:27.708Z] GET /api/user/logs-range?start=2026-03-26&end=2026-04-24 | User: anon
[2026-04-24T22:17:27.711Z] GET /api/user/logs-range?start=2026-01-24&end=2026-04-24 | User: anon
[2026-04-24T22:17:27.717Z] GET /api/user/shortcuts | User: anon
[2026-04-24T22:17:27.718Z] GET /api/user/logs-range?start=2026-04-18&end=2026-04-24 | User: anon
[2026-04-24T22:17:27.718Z] GET /api/user/logs-range?start=2026-04-10&end=2026-04-24 | User: anon
[2026-04-24T22:17:27.719Z] GET /api/user/calorie-debt | User: anon
[2026-04-24T22:17:27.720Z] GET /api/user/logs-range?start=2026-03-28&end=2026-04-24 | User: anon
[2026-04-24T22:17:27.721Z] GET /api/user/logs-range?start=2026-03-27&end=2026-04-24 | User: anon
[2026-04-24T22:18:19.358Z] GET /api/user/logs?date=2026-04-24 | User: anon
[2026-04-24T22:18:19.380Z] GET /api/user/saved-scenarios | User: anon
[2026-04-24T22:18:19.386Z] GET /api/user/logs-range?start=2026-03-26&end=2026-04-24 | User: anon
[2026-04-24T22:18:19.391Z] GET /api/user/logs-range?start=2026-01-24&end=2026-04-24 | User: anon
[2026-04-24T22:18:19.409Z] GET /api/user/shortcuts | User: anon
[2026-04-24T22:18:19.412Z] GET /api/user/logs-range?start=2026-04-18&end=2026-04-24 | User: anon
[2026-04-24T22:18:19.415Z] GET /api/user/logs-range?start=2026-04-10&end=2026-04-24 | User: anon
[2026-04-24T22:18:19.417Z] GET /api/user/logs-range?start=2026-03-28&end=2026-04-24 | User: anon
[2026-04-24T22:18:19.420Z] GET /api/user/calorie-debt | User: anon
[2026-04-24T22:18:19.424Z] GET /api/user/logs-range?start=2026-03-27&end=2026-04-24 | User: anon
[2026-04-24T22:37:17.176Z] GET /api/auth/me | User: anon
[2026-04-24T22:37:17.344Z] GET /api/user/calorie-debt | User: anon
[2026-04-24T22:37:17.347Z] GET /api/user/logs?date=2026-04-24 | User: anon
[2026-04-24T22:37:17.355Z] GET /api/user/saved-scenarios | User: anon
[2026-04-24T22:37:17.362Z] GET /api/user/logs-range?start=2026-03-26&end=2026-04-24 | User: anon
[2026-04-24T22:37:17.505Z] GET /api/user/logs-range?start=2026-01-24&end=2026-04-24 | User: anon
[2026-04-24T22:37:17.516Z] GET /api/user/shortcuts | User: anon
[2026-04-24T22:37:17.517Z] GET /api/user/logs-range?start=2026-04-18&end=2026-04-24 | User: anon
[2026-04-24T22:37:17.518Z] GET /api/user/calorie-debt | User: anon
[2026-04-24T22:37:17.519Z] GET /api/user/logs-range?start=2026-04-11&end=2026-04-24 | User: anon
[2026-04-24T22:37:17.520Z] GET /api/user/logs-range?start=2026-04-10&end=2026-04-24 | User: anon
[2026-04-24T22:37:17.522Z] GET /api/user/logs-range?start=2026-03-28&end=2026-04-24 | User: anon
[2026-04-24T22:37:17.523Z] GET /api/user/logs-range?start=2026-03-27&end=2026-04-24 | User: anon
[2026-04-24T22:37:17.552Z] GET /favicon.ico | User: anon
[2026-04-25T11:08:57.615Z] GET /api/menu?locationSlug=the-commons-dining-hall-south-campus&periodSlug=breakfast&date=2026-04-25 | User: anon
[2026-04-25T13:02:53.418Z] GET /api/menu?locationSlug=the-commons-dining-hall-south-campus&periodSlug=breakfast&date=2026-04-25 | User: anon
[2026-04-25T13:20:13.627Z] GET /api/menu/status?locationSlug=the-commons-dining-hall-south-campus&periodSlug=breakfast&date=2026-04-25 | User: anon
[2026-04-25T13:20:21.637Z] GET /api/menu/status?locationSlug=the-commons-dining-hall-south-campus&periodSlug=breakfast&date=2026-04-25 | User: anon
[2026-04-25T13:20:28.639Z] GET /api/menu?locationSlug=the-commons-dining-hall-south-campus&periodSlug=brunch&date=2026-04-25 | User: anon
[2026-04-25T13:20:36.650Z] GET /api/menu?locationSlug=the-commons-dining-hall-south-campus&periodSlug=brunch&date=2026-04-25 | User: anon
[2026-04-25T13:20:36.656Z] GET /api/menu/status?locationSlug=the-commons-dining-hall-south-campus&periodSlug=brunch&date=2026-04-25 | User: anon
[2026-04-25T13:31:25.555Z] GET /api/menu/status?locationSlug=the-commons-dining-hall-south-campus&periodSlug=brunch&date=2026-04-25 | User: anon
[2026-04-25T13:31:26.928Z] GET /api/menu/status?locationSlug=the-commons-dining-hall-south-campus&periodSlug=brunch&date=2026-04-25 | User: anon
[2026-04-25T13:31:40.571Z] GET /api/menu?locationSlug=the-commons-dining-hall-south-campus&periodSlug=lunch&date=2026-04-25 | User: anon
[2026-04-25T13:31:41.935Z] GET /api/menu?locationSlug=the-commons-dining-hall-south-campus&periodSlug=lunch&date=2026-04-25 | User: anon
[2026-04-25T13:31:48.586Z] GET /api/menu/status?locationSlug=the-commons-dining-hall-south-campus&periodSlug=lunch&date=2026-04-25 | User: anon
[2026-04-25T13:31:49.945Z] GET /api/menu/status?locationSlug=the-commons-dining-hall-south-campus&periodSlug=lunch&date=2026-04-25 | User: anon
[2026-04-25T13:32:03.593Z] GET /api/menu?locationSlug=the-commons-dining-hall-south-campus&periodSlug=dinner&date=2026-04-25 | User: anon
[2026-04-25T13:32:04.953Z] GET /api/menu?locationSlug=the-commons-dining-hall-south-campus&periodSlug=dinner&date=2026-04-25 | User: anon
[2026-04-25T13:32:11.607Z] GET /api/menu/status?locationSlug=the-commons-dining-hall-south-campus&periodSlug=dinner&date=2026-04-25 | User: anon
[2026-04-25T13:47:37.728Z] GET /api/menu/status?locationSlug=the-commons-dining-hall-south-campus&periodSlug=dinner&date=2026-04-25 | User: anon
[2026-04-25T13:47:37.744Z] GET /api/menu?locationSlug=sbisa-dining-hall-north-campus&periodSlug=breakfast&date=2026-04-25 | User: anon
[2026-04-25T13:47:45.755Z] GET /api/menu/status?locationSlug=sbisa-dining-hall-north-campus&periodSlug=breakfast&date=2026-04-25 | User: anon
[2026-04-25T13:47:52.741Z] GET /api/menu?locationSlug=sbisa-dining-hall-north-campus&periodSlug=breakfast&date=2026-04-25 | User: anon
[2026-04-25T13:48:00.755Z] GET /api/menu/status?locationSlug=sbisa-dining-hall-north-campus&periodSlug=breakfast&date=2026-04-25 | User: anon
[2026-04-25T13:48:00.766Z] GET /api/menu?locationSlug=sbisa-dining-hall-north-campus&periodSlug=brunch&date=2026-04-25 | User: anon
[2026-04-25T13:48:08.772Z] GET /api/menu/status?locationSlug=sbisa-dining-hall-north-campus&periodSlug=brunch&date=2026-04-25 | User: anon
[2026-04-25T13:48:15.766Z] GET /api/menu?locationSlug=sbisa-dining-hall-north-campus&periodSlug=brunch&date=2026-04-25 | User: anon
[2026-04-25T13:48:23.777Z] GET /api/menu/status?locationSlug=sbisa-dining-hall-north-campus&periodSlug=brunch&date=2026-04-25 | User: anon
[2026-04-25T13:48:23.779Z] GET /api/menu?locationSlug=sbisa-dining-hall-north-campus&periodSlug=lunch&date=2026-04-25 | User: anon
[2026-04-25T13:58:13.067Z] GET /api/menu/status?locationSlug=sbisa-dining-hall-north-campus&periodSlug=lunch&date=2026-04-25 | User: anon
[2026-04-25T13:58:13.068Z] GET /api/menu?locationSlug=sbisa-dining-hall-north-campus&periodSlug=lunch&date=2026-04-25 | User: anon
[2026-04-25T13:58:21.085Z] GET /api/menu/status?locationSlug=sbisa-dining-hall-north-campus&periodSlug=lunch&date=2026-04-25 | User: anon
[2026-04-25T13:58:28.077Z] GET /api/menu?locationSlug=sbisa-dining-hall-north-campus&periodSlug=dinner&date=2026-04-25 | User: anon
[2026-04-25T13:58:36.092Z] GET /api/menu/status?locationSlug=sbisa-dining-hall-north-campus&periodSlug=dinner&date=2026-04-25 | User: anon
[2026-04-25T13:58:36.097Z] GET /api/menu?locationSlug=sbisa-dining-hall-north-campus&periodSlug=dinner&date=2026-04-25 | User: anon
[2026-04-25T13:58:44.119Z] GET /api/menu/status?locationSlug=sbisa-dining-hall-north-campus&periodSlug=dinner&date=2026-04-25 | User: anon
[2026-04-25T13:58:51.104Z] GET /api/menu?locationSlug=duncan-dining-hall-south-campus-quad&periodSlug=breakfast&date=2026-04-25 | User: anon
[2026-04-25T13:58:59.115Z] GET /api/menu/status?locationSlug=duncan-dining-hall-south-campus-quad&periodSlug=breakfast&date=2026-04-25 | User: anon
[2026-04-25T13:58:59.129Z] GET /api/menu?locationSlug=duncan-dining-hall-south-campus-quad&periodSlug=breakfast&date=2026-04-25 | User: anon
[2026-04-25T14:14:24.709Z] GET /api/menu?locationSlug=duncan-dining-hall-south-campus-quad&periodSlug=brunch&date=2026-04-25 | User: anon
[2026-04-25T14:14:24.813Z] GET /api/menu/status?locationSlug=duncan-dining-hall-south-campus-quad&periodSlug=breakfast&date=2026-04-25 | User: anon
[2026-04-25T14:14:32.807Z] GET /api/menu/status?locationSlug=duncan-dining-hall-south-campus-quad&periodSlug=brunch&date=2026-04-25 | User: anon
[2026-04-25T14:14:39.875Z] GET /api/menu?locationSlug=duncan-dining-hall-south-campus-quad&periodSlug=brunch&date=2026-04-25 | User: anon
[2026-04-25T14:14:47.813Z] GET /api/menu?locationSlug=duncan-dining-hall-south-campus-quad&periodSlug=lunch&date=2026-04-25 | User: anon
[2026-04-25T14:14:47.884Z] GET /api/menu/status?locationSlug=duncan-dining-hall-south-campus-quad&periodSlug=brunch&date=2026-04-25 | User: anon
[2026-04-25T14:14:55.821Z] GET /api/menu/status?locationSlug=duncan-dining-hall-south-campus-quad&periodSlug=lunch&date=2026-04-25 | User: anon
[2026-04-25T14:15:02.905Z] GET /api/menu?locationSlug=duncan-dining-hall-south-campus-quad&periodSlug=lunch&date=2026-04-25 | User: anon
[2026-04-25T14:15:10.852Z] GET /api/menu?locationSlug=duncan-dining-hall-south-campus-quad&periodSlug=dinner&date=2026-04-25 | User: anon
[2026-04-25T14:15:10.919Z] GET /api/menu/status?locationSlug=duncan-dining-hall-south-campus-quad&periodSlug=lunch&date=2026-04-25 | User: anon
[2026-04-25T14:21:49.447Z] GET /api/menu?locationSlug=duncan-dining-hall-south-campus-quad&periodSlug=dinner&date=2026-04-25 | User: anon
[2026-04-25T14:21:49.451Z] GET /api/menu/status?locationSlug=duncan-dining-hall-south-campus-quad&periodSlug=dinner&date=2026-04-25 | User: anon
[2026-04-25T14:21:57.459Z] GET /api/menu/status?locationSlug=duncan-dining-hall-south-campus-quad&periodSlug=dinner&date=2026-04-25 | User: anon
